{"/Users/lajmi/Documents/cursor/SeniorPhonePro/App.tsx": {"path":"/Users/lajmi/Documents/cursor/SeniorPhonePro/App.tsx","statementMap":{"0":{"start":{"line":25,"column":20},"end":{"line":25,"column":122}},"1":{"start":{"line":25,"column":37},"end":{"line":25,"column":121}},"2":{"start":{"line":25,"column":88},"end":{"line":25,"column":119}},"3":{"start":{"line":26,"column":25},"end":{"line":26,"column":137}},"4":{"start":{"line":26,"column":42},"end":{"line":26,"column":136}},"5":{"start":{"line":26,"column":98},"end":{"line":26,"column":134}},"6":{"start":{"line":27,"column":28},"end":{"line":27,"column":146}},"7":{"start":{"line":27,"column":45},"end":{"line":27,"column":145}},"8":{"start":{"line":27,"column":104},"end":{"line":27,"column":143}},"9":{"start":{"line":29,"column":19},"end":{"line":29,"column":43}},"10":{"start":{"line":32,"column":40},"end":{"line":32,"column":52}},"11":{"start":{"line":33,"column":56},"end":{"line":33,"column":71}},"12":{"start":{"line":34,"column":42},"end":{"line":34,"column":53}},"13":{"start":{"line":35,"column":42},"end":{"line":35,"column":54}},"14":{"start":{"line":36,"column":44},"end":{"line":38,"column":17}},"15":{"start":{"line":42,"column":26},"end":{"line":42,"column":63}},"16":{"start":{"line":43,"column":26},"end":{"line":43,"column":63}},"17":{"start":{"line":45,"column":20},"end":{"line":52,"column":3}},"18":{"start":{"line":46,"column":4},"end":{"line":51,"column":5}},"19":{"start":{"line":48,"column":6},"end":{"line":48,"column":41}},"20":{"start":{"line":48,"column":29},"end":{"line":48,"column":39}},"21":{"start":{"line":50,"column":6},"end":{"line":50,"column":28}},"22":{"start":{"line":55,"column":22},"end":{"line":76,"column":3}},"23":{"start":{"line":56,"column":4},"end":{"line":75,"column":5}},"24":{"start":{"line":57,"column":6},"end":{"line":57,"column":47}},"25":{"start":{"line":60,"column":6},"end":{"line":71,"column":17}},"26":{"start":{"line":74,"column":6},"end":{"line":74,"column":29}},"27":{"start":{"line":79,"column":22},"end":{"line":82,"column":3}},"28":{"start":{"line":80,"column":4},"end":{"line":80,"column":23}},"29":{"start":{"line":81,"column":4},"end":{"line":81,"column":27}},"30":{"start":{"line":84,"column":26},"end":{"line":104,"column":3}},"31":{"start":{"line":86,"column":4},"end":{"line":97,"column":15}},"32":{"start":{"line":100,"column":4},"end":{"line":100,"column":27}},"33":{"start":{"line":103,"column":4},"end":{"line":103,"column":35}},"34":{"start":{"line":106,"column":30},"end":{"line":110,"column":3}},"35":{"start":{"line":107,"column":4},"end":{"line":107,"column":59}},"36":{"start":{"line":108,"column":4},"end":{"line":108,"column":30}},"37":{"start":{"line":109,"column":4},"end":{"line":109,"column":27}},"38":{"start":{"line":112,"column":29},"end":{"line":114,"column":3}},"39":{"start":{"line":113,"column":4},"end":{"line":113,"column":33}},"40":{"start":{"line":116,"column":26},"end":{"line":118,"column":3}},"41":{"start":{"line":117,"column":4},"end":{"line":117,"column":30}},"42":{"start":{"line":120,"column":34},"end":{"line":122,"column":3}},"43":{"start":{"line":121,"column":4},"end":{"line":121,"column":38}},"44":{"start":{"line":124,"column":31},"end":{"line":127,"column":3}},"45":{"start":{"line":125,"column":4},"end":{"line":125,"column":33}},"46":{"start":{"line":129,"column":19},"end":{"line":151,"column":3}},"47":{"start":{"line":130,"column":4},"end":{"line":150,"column":5}},"48":{"start":{"line":132,"column":6},"end":{"line":143,"column":17}},"49":{"start":{"line":146,"column":6},"end":{"line":146,"column":29}},"50":{"start":{"line":149,"column":6},"end":{"line":149,"column":35}},"51":{"start":{"line":154,"column":22},"end":{"line":180,"column":3}},"52":{"start":{"line":155,"column":4},"end":{"line":155,"column":52}},"53":{"start":{"line":156,"column":4},"end":{"line":156,"column":50}},"54":{"start":{"line":157,"column":4},"end":{"line":157,"column":55}},"55":{"start":{"line":158,"column":4},"end":{"line":158,"column":59}},"56":{"start":{"line":160,"column":4},"end":{"line":160,"column":34}},"57":{"start":{"line":163,"column":4},"end":{"line":177,"column":5}},"58":{"start":{"line":164,"column":23},"end":{"line":164,"column":43}},"59":{"start":{"line":165,"column":6},"end":{"line":165,"column":54}},"60":{"start":{"line":167,"column":6},"end":{"line":167,"column":58}},"61":{"start":{"line":168,"column":6},"end":{"line":168,"column":32}},"62":{"start":{"line":169,"column":6},"end":{"line":169,"column":54}},"63":{"start":{"line":171,"column":6},"end":{"line":171,"column":69}},"64":{"start":{"line":172,"column":6},"end":{"line":176,"column":8}},"65":{"start":{"line":179,"column":4},"end":{"line":179,"column":50}},"66":{"start":{"line":183,"column":21},"end":{"line":186,"column":3}},"67":{"start":{"line":184,"column":4},"end":{"line":184,"column":32}},"68":{"start":{"line":185,"column":4},"end":{"line":185,"column":34}},"69":{"start":{"line":192,"column":2},"end":{"line":207,"column":9}},"70":{"start":{"line":193,"column":30},"end":{"line":203,"column":5}},"71":{"start":{"line":194,"column":6},"end":{"line":202,"column":7}},"72":{"start":{"line":195,"column":29},"end":{"line":195,"column":65}},"73":{"start":{"line":196,"column":8},"end":{"line":196,"column":56}},"74":{"start":{"line":198,"column":8},"end":{"line":201,"column":10}},"75":{"start":{"line":206,"column":4},"end":{"line":206,"column":24}},"76":{"start":{"line":209,"column":2},"end":{"line":231,"column":9}},"77":{"start":{"line":210,"column":25},"end":{"line":215,"column":13}},"78":{"start":{"line":211,"column":6},"end":{"line":214,"column":9}},"79":{"start":{"line":212,"column":25},"end":{"line":212,"column":62}},"80":{"start":{"line":213,"column":8},"end":{"line":213,"column":50}},"81":{"start":{"line":217,"column":25},"end":{"line":225,"column":13}},"82":{"start":{"line":218,"column":6},"end":{"line":224,"column":7}},"83":{"start":{"line":219,"column":29},"end":{"line":219,"column":65}},"84":{"start":{"line":220,"column":8},"end":{"line":220,"column":56}},"85":{"start":{"line":222,"column":8},"end":{"line":222,"column":77}},"86":{"start":{"line":227,"column":4},"end":{"line":230,"column":6}},"87":{"start":{"line":228,"column":6},"end":{"line":228,"column":34}},"88":{"start":{"line":229,"column":6},"end":{"line":229,"column":34}},"89":{"start":{"line":233,"column":2},"end":{"line":417,"column":4}},"90":{"start":{"line":248,"column":33},"end":{"line":248,"column":63}},"91":{"start":{"line":411,"column":28},"end":{"line":411,"column":56}},"92":{"start":{"line":412,"column":31},"end":{"line":412,"column":61}},"93":{"start":{"line":420,"column":15},"end":{"line":688,"column":2}}},"fnMap":{"0":{"name":"(anonymous_0)","decl":{"start":{"line":25,"column":31},"end":{"line":25,"column":32}},"loc":{"start":{"line":25,"column":37},"end":{"line":25,"column":121}},"line":25},"1":{"name":"(anonymous_1)","decl":{"start":{"line":25,"column":77},"end":{"line":25,"column":78}},"loc":{"start":{"line":25,"column":88},"end":{"line":25,"column":119}},"line":25},"2":{"name":"(anonymous_2)","decl":{"start":{"line":26,"column":36},"end":{"line":26,"column":37}},"loc":{"start":{"line":26,"column":42},"end":{"line":26,"column":136}},"line":26},"3":{"name":"(anonymous_3)","decl":{"start":{"line":26,"column":87},"end":{"line":26,"column":88}},"loc":{"start":{"line":26,"column":98},"end":{"line":26,"column":134}},"line":26},"4":{"name":"(anonymous_4)","decl":{"start":{"line":27,"column":39},"end":{"line":27,"column":40}},"loc":{"start":{"line":27,"column":45},"end":{"line":27,"column":145}},"line":27},"5":{"name":"(anonymous_5)","decl":{"start":{"line":27,"column":93},"end":{"line":27,"column":94}},"loc":{"start":{"line":27,"column":104},"end":{"line":27,"column":143}},"line":27},"6":{"name":"App","decl":{"start":{"line":31,"column":24},"end":{"line":31,"column":27}},"loc":{"start":{"line":31,"column":30},"end":{"line":418,"column":1}},"line":31},"7":{"name":"(anonymous_7)","decl":{"start":{"line":45,"column":20},"end":{"line":45,"column":21}},"loc":{"start":{"line":45,"column":37},"end":{"line":52,"column":3}},"line":45},"8":{"name":"(anonymous_8)","decl":{"start":{"line":48,"column":21},"end":{"line":48,"column":22}},"loc":{"start":{"line":48,"column":29},"end":{"line":48,"column":39}},"line":48},"9":{"name":"(anonymous_9)","decl":{"start":{"line":55,"column":22},"end":{"line":55,"column":23}},"loc":{"start":{"line":55,"column":28},"end":{"line":76,"column":3}},"line":55},"10":{"name":"(anonymous_10)","decl":{"start":{"line":79,"column":22},"end":{"line":79,"column":23}},"loc":{"start":{"line":79,"column":28},"end":{"line":82,"column":3}},"line":79},"11":{"name":"(anonymous_11)","decl":{"start":{"line":84,"column":26},"end":{"line":84,"column":27}},"loc":{"start":{"line":84,"column":32},"end":{"line":104,"column":3}},"line":84},"12":{"name":"(anonymous_12)","decl":{"start":{"line":106,"column":30},"end":{"line":106,"column":31}},"loc":{"start":{"line":106,"column":48},"end":{"line":110,"column":3}},"line":106},"13":{"name":"(anonymous_13)","decl":{"start":{"line":112,"column":29},"end":{"line":112,"column":30}},"loc":{"start":{"line":112,"column":35},"end":{"line":114,"column":3}},"line":112},"14":{"name":"(anonymous_14)","decl":{"start":{"line":116,"column":26},"end":{"line":116,"column":27}},"loc":{"start":{"line":116,"column":32},"end":{"line":118,"column":3}},"line":116},"15":{"name":"(anonymous_15)","decl":{"start":{"line":120,"column":34},"end":{"line":120,"column":35}},"loc":{"start":{"line":120,"column":40},"end":{"line":122,"column":3}},"line":120},"16":{"name":"(anonymous_16)","decl":{"start":{"line":124,"column":31},"end":{"line":124,"column":32}},"loc":{"start":{"line":124,"column":37},"end":{"line":127,"column":3}},"line":124},"17":{"name":"(anonymous_17)","decl":{"start":{"line":129,"column":19},"end":{"line":129,"column":20}},"loc":{"start":{"line":129,"column":25},"end":{"line":151,"column":3}},"line":129},"18":{"name":"(anonymous_18)","decl":{"start":{"line":154,"column":22},"end":{"line":154,"column":23}},"loc":{"start":{"line":154,"column":28},"end":{"line":180,"column":3}},"line":154},"19":{"name":"(anonymous_19)","decl":{"start":{"line":183,"column":21},"end":{"line":183,"column":22}},"loc":{"start":{"line":183,"column":27},"end":{"line":186,"column":3}},"line":183},"20":{"name":"(anonymous_20)","decl":{"start":{"line":192,"column":12},"end":{"line":192,"column":13}},"loc":{"start":{"line":192,"column":18},"end":{"line":207,"column":3}},"line":192},"21":{"name":"(anonymous_21)","decl":{"start":{"line":193,"column":30},"end":{"line":193,"column":31}},"loc":{"start":{"line":193,"column":42},"end":{"line":203,"column":5}},"line":193},"22":{"name":"(anonymous_22)","decl":{"start":{"line":209,"column":12},"end":{"line":209,"column":13}},"loc":{"start":{"line":209,"column":18},"end":{"line":231,"column":3}},"line":209},"23":{"name":"(anonymous_23)","decl":{"start":{"line":210,"column":37},"end":{"line":210,"column":38}},"loc":{"start":{"line":210,"column":43},"end":{"line":215,"column":5}},"line":210},"24":{"name":"(anonymous_24)","decl":{"start":{"line":211,"column":22},"end":{"line":211,"column":23}},"loc":{"start":{"line":211,"column":30},"end":{"line":214,"column":7}},"line":211},"25":{"name":"(anonymous_25)","decl":{"start":{"line":217,"column":37},"end":{"line":217,"column":38}},"loc":{"start":{"line":217,"column":49},"end":{"line":225,"column":5}},"line":217},"26":{"name":"(anonymous_26)","decl":{"start":{"line":227,"column":11},"end":{"line":227,"column":12}},"loc":{"start":{"line":227,"column":17},"end":{"line":230,"column":5}},"line":227},"27":{"name":"(anonymous_27)","decl":{"start":{"line":248,"column":27},"end":{"line":248,"column":28}},"loc":{"start":{"line":248,"column":33},"end":{"line":248,"column":63}},"line":248},"28":{"name":"(anonymous_28)","decl":{"start":{"line":411,"column":22},"end":{"line":411,"column":23}},"loc":{"start":{"line":411,"column":28},"end":{"line":411,"column":56}},"line":411},"29":{"name":"(anonymous_29)","decl":{"start":{"line":412,"column":25},"end":{"line":412,"column":26}},"loc":{"start":{"line":412,"column":31},"end":{"line":412,"column":61}},"line":412}},"branchMap":{"0":{"loc":{"start":{"line":46,"column":4},"end":{"line":51,"column":5}},"type":"if","locations":[{"start":{"line":46,"column":4},"end":{"line":51,"column":5}},{"start":{},"end":{}}],"line":46},"1":{"loc":{"start":{"line":56,"column":4},"end":{"line":75,"column":5}},"type":"if","locations":[{"start":{"line":56,"column":4},"end":{"line":75,"column":5}},{"start":{},"end":{}}],"line":56},"2":{"loc":{"start":{"line":130,"column":4},"end":{"line":150,"column":5}},"type":"if","locations":[{"start":{"line":130,"column":4},"end":{"line":150,"column":5}},{"start":{},"end":{}}],"line":130},"3":{"loc":{"start":{"line":212,"column":33},"end":{"line":212,"column":61}},"type":"cond-expr","locations":[{"start":{"line":212,"column":55},"end":{"line":212,"column":56}},{"start":{"line":212,"column":59},"end":{"line":212,"column":61}}],"line":212},"4":{"loc":{"start":{"line":242,"column":7},"end":{"line":252,"column":7}},"type":"binary-expr","locations":[{"start":{"line":242,"column":7},"end":{"line":242,"column":35}},{"start":{"line":243,"column":8},"end":{"line":251,"column":15}}],"line":242},"5":{"loc":{"start":{"line":255,"column":7},"end":{"line":313,"column":7}},"type":"binary-expr","locations":[{"start":{"line":255,"column":7},"end":{"line":255,"column":32}},{"start":{"line":256,"column":8},"end":{"line":312,"column":11}}],"line":255},"6":{"loc":{"start":{"line":299,"column":27},"end":{"line":299,"column":59}},"type":"cond-expr","locations":[{"start":{"line":299,"column":52},"end":{"line":299,"column":53}},{"start":{"line":299,"column":56},"end":{"line":299,"column":59}}],"line":299},"7":{"loc":{"start":{"line":316,"column":7},"end":{"line":393,"column":7}},"type":"binary-expr","locations":[{"start":{"line":316,"column":7},"end":{"line":316,"column":26}},{"start":{"line":317,"column":8},"end":{"line":392,"column":16}}],"line":316},"8":{"loc":{"start":{"line":396,"column":7},"end":{"line":404,"column":7}},"type":"binary-expr","locations":[{"start":{"line":396,"column":7},"end":{"line":396,"column":37}},{"start":{"line":397,"column":8},"end":{"line":403,"column":19}}],"line":396},"9":{"loc":{"start":{"line":407,"column":7},"end":{"line":415,"column":7}},"type":"binary-expr","locations":[{"start":{"line":407,"column":7},"end":{"line":407,"column":40}},{"start":{"line":408,"column":8},"end":{"line":414,"column":19}}],"line":407},"10":{"loc":{"start":{"line":424,"column":16},"end":{"line":424,"column":47}},"type":"cond-expr","locations":[{"start":{"line":424,"column":40},"end":{"line":424,"column":42}},{"start":{"line":424,"column":45},"end":{"line":424,"column":47}}],"line":424}},"s":{"0":0,"1":0,"2":0,"3":0,"4":0,"5":0,"6":0,"7":0,"8":0,"9":0,"10":0,"11":0,"12":0,"13":0,"14":0,"15":0,"16":0,"17":0,"18":0,"19":0,"20":0,"21":0,"22":0,"23":0,"24":0,"25":0,"26":0,"27":0,"28":0,"29":0,"30":0,"31":0,"32":0,"33":0,"34":0,"35":0,"36":0,"37":0,"38":0,"39":0,"40":0,"41":0,"42":0,"43":0,"44":0,"45":0,"46":0,"47":0,"48":0,"49":0,"50":0,"51":0,"52":0,"53":0,"54":0,"55":0,"56":0,"57":0,"58":0,"59":0,"60":0,"61":0,"62":0,"63":0,"64":0,"65":0,"66":0,"67":0,"68":0,"69":0,"70":0,"71":0,"72":0,"73":0,"74":0,"75":0,"76":0,"77":0,"78":0,"79":0,"80":0,"81":0,"82":0,"83":0,"84":0,"85":0,"86":0,"87":0,"88":0,"89":0,"90":0,"91":0,"92":0,"93":0},"f":{"0":0,"1":0,"2":0,"3":0,"4":0,"5":0,"6":0,"7":0,"8":0,"9":0,"10":0,"11":0,"12":0,"13":0,"14":0,"15":0,"16":0,"17":0,"18":0,"19":0,"20":0,"21":0,"22":0,"23":0,"24":0,"25":0,"26":0,"27":0,"28":0,"29":0},"b":{"0":[0,0],"1":[0,0],"2":[0,0],"3":[0,0],"4":[0,0],"5":[0,0],"6":[0,0],"7":[0,0],"8":[0,0],"9":[0,0],"10":[0,0]}}
,"/Users/lajmi/Documents/cursor/SeniorPhonePro/components/CallScreen.tsx": {"path":"/Users/lajmi/Documents/cursor/SeniorPhonePro/components/CallScreen.tsx","statementMap":{"0":{"start":{"line":13,"column":19},"end":{"line":13,"column":43}},"1":{"start":{"line":24,"column":53},"end":{"line":116,"column":1}},"2":{"start":{"line":30,"column":21},"end":{"line":42,"column":3}},"3":{"start":{"line":31,"column":4},"end":{"line":31,"column":27}},"4":{"start":{"line":32,"column":4},"end":{"line":41,"column":7}},"5":{"start":{"line":37,"column":10},"end":{"line":37,"column":33}},"6":{"start":{"line":38,"column":10},"end":{"line":38,"column":26}},"7":{"start":{"line":44,"column":2},"end":{"line":115,"column":4}},"8":{"start":{"line":118,"column":15},"end":{"line":388,"column":2}}},"fnMap":{"0":{"name":"(anonymous_0)","decl":{"start":{"line":24,"column":53},"end":{"line":24,"column":54}},"loc":{"start":{"line":29,"column":6},"end":{"line":116,"column":1}},"line":29},"1":{"name":"(anonymous_1)","decl":{"start":{"line":30,"column":21},"end":{"line":30,"column":22}},"loc":{"start":{"line":30,"column":27},"end":{"line":42,"column":3}},"line":30},"2":{"name":"(anonymous_2)","decl":{"start":{"line":36,"column":17},"end":{"line":36,"column":18}},"loc":{"start":{"line":36,"column":23},"end":{"line":39,"column":9}},"line":36}},"branchMap":{"0":{"loc":{"start":{"line":61,"column":11},"end":{"line":77,"column":11}},"type":"cond-expr","locations":[{"start":{"line":62,"column":12},"end":{"line":68,"column":19}},{"start":{"line":70,"column":12},"end":{"line":76,"column":19}}],"line":61}},"s":{"0":0,"1":0,"2":0,"3":0,"4":0,"5":0,"6":0,"7":0,"8":0},"f":{"0":0,"1":0,"2":0},"b":{"0":[0,0]}}
,"/Users/lajmi/Documents/cursor/SeniorPhonePro/components/ContactList.tsx": {"path":"/Users/lajmi/Documents/cursor/SeniorPhonePro/components/ContactList.tsx","statementMap":{"0":{"start":{"line":19,"column":19},"end":{"line":19,"column":43}},"1":{"start":{"line":21,"column":55},"end":{"line":319,"column":1}},"2":{"start":{"line":25,"column":34},"end":{"line":25,"column":57}},"3":{"start":{"line":26,"column":32},"end":{"line":26,"column":46}},"4":{"start":{"line":27,"column":28},"end":{"line":27,"column":57}},"5":{"start":{"line":28,"column":48},"end":{"line":28,"column":78}},"6":{"start":{"line":29,"column":46},"end":{"line":29,"column":61}},"7":{"start":{"line":31,"column":2},"end":{"line":33,"column":9}},"8":{"start":{"line":32,"column":4},"end":{"line":32,"column":32}},"9":{"start":{"line":35,"column":36},"end":{"line":68,"column":3}},"10":{"start":{"line":36,"column":4},"end":{"line":67,"column":5}},"11":{"start":{"line":37,"column":6},"end":{"line":54,"column":7}},"12":{"start":{"line":38,"column":24},"end":{"line":48,"column":9}},"13":{"start":{"line":49,"column":8},"end":{"line":53,"column":9}},"14":{"start":{"line":50,"column":10},"end":{"line":50,"column":67}},"15":{"start":{"line":51,"column":10},"end":{"line":51,"column":28}},"16":{"start":{"line":52,"column":10},"end":{"line":52,"column":17}},"17":{"start":{"line":56,"column":25},"end":{"line":56,"column":65}},"18":{"start":{"line":57,"column":6},"end":{"line":61,"column":7}},"19":{"start":{"line":58,"column":8},"end":{"line":58,"column":65}},"20":{"start":{"line":59,"column":8},"end":{"line":59,"column":26}},"21":{"start":{"line":60,"column":8},"end":{"line":60,"column":15}},"22":{"start":{"line":63,"column":6},"end":{"line":63,"column":27}},"23":{"start":{"line":65,"column":6},"end":{"line":65,"column":58}},"24":{"start":{"line":66,"column":6},"end":{"line":66,"column":24}},"25":{"start":{"line":70,"column":23},"end":{"line":124,"column":3}},"26":{"start":{"line":71,"column":4},"end":{"line":123,"column":5}},"27":{"start":{"line":72,"column":6},"end":{"line":72,"column":23}},"28":{"start":{"line":75,"column":23},"end":{"line":85,"column":8}},"29":{"start":{"line":87,"column":6},"end":{"line":117,"column":7}},"30":{"start":{"line":89,"column":45},"end":{"line":106,"column":61}},"31":{"start":{"line":92,"column":12},"end":{"line":97,"column":14}},"32":{"start":{"line":99,"column":27},"end":{"line":105,"column":11}},"33":{"start":{"line":106,"column":26},"end":{"line":106,"column":60}},"34":{"start":{"line":108,"column":8},"end":{"line":110,"column":10}},"35":{"start":{"line":111,"column":8},"end":{"line":113,"column":10}},"36":{"start":{"line":112,"column":65},"end":{"line":112,"column":72}},"37":{"start":{"line":114,"column":8},"end":{"line":114,"column":39}},"38":{"start":{"line":116,"column":8},"end":{"line":116,"column":41}},"39":{"start":{"line":119,"column":6},"end":{"line":119,"column":56}},"40":{"start":{"line":120,"column":6},"end":{"line":120,"column":57}},"41":{"start":{"line":122,"column":6},"end":{"line":122,"column":24}},"42":{"start":{"line":126,"column":29},"end":{"line":130,"column":3}},"43":{"start":{"line":127,"column":4},"end":{"line":127,"column":26}},"44":{"start":{"line":128,"column":4},"end":{"line":128,"column":32}},"45":{"start":{"line":129,"column":4},"end":{"line":129,"column":28}},"46":{"start":{"line":132,"column":26},"end":{"line":144,"column":3}},"47":{"start":{"line":133,"column":4},"end":{"line":133,"column":27}},"48":{"start":{"line":134,"column":4},"end":{"line":143,"column":7}},"49":{"start":{"line":140,"column":10},"end":{"line":140,"column":77}},"50":{"start":{"line":146,"column":21},"end":{"line":153,"column":3}},"51":{"start":{"line":147,"column":4},"end":{"line":147,"column":27}},"52":{"start":{"line":149,"column":4},"end":{"line":149,"column":71}},"53":{"start":{"line":151,"column":4},"end":{"line":151,"column":29}},"54":{"start":{"line":152,"column":4},"end":{"line":152,"column":29}},"55":{"start":{"line":155,"column":27},"end":{"line":158,"column":3}},"56":{"start":{"line":156,"column":4},"end":{"line":156,"column":29}},"57":{"start":{"line":157,"column":4},"end":{"line":157,"column":29}},"58":{"start":{"line":160,"column":28},"end":{"line":199,"column":3}},"59":{"start":{"line":161,"column":4},"end":{"line":198,"column":23}},"60":{"start":{"line":163,"column":21},"end":{"line":163,"column":45}},"61":{"start":{"line":193,"column":23},"end":{"line":193,"column":44}},"62":{"start":{"line":202,"column":2},"end":{"line":211,"column":3}},"63":{"start":{"line":203,"column":4},"end":{"line":210,"column":6}},"64":{"start":{"line":213,"column":2},"end":{"line":240,"column":3}},"65":{"start":{"line":214,"column":4},"end":{"line":239,"column":6}},"66":{"start":{"line":242,"column":2},"end":{"line":257,"column":3}},"67":{"start":{"line":243,"column":4},"end":{"line":256,"column":6}},"68":{"start":{"line":259,"column":2},"end":{"line":318,"column":4}},"69":{"start":{"line":294,"column":30},"end":{"line":294,"column":37}},"70":{"start":{"line":297,"column":38},"end":{"line":297,"column":71}},"71":{"start":{"line":303,"column":38},"end":{"line":307,"column":9}},"72":{"start":{"line":321,"column":15},"end":{"line":573,"column":2}}},"fnMap":{"0":{"name":"(anonymous_0)","decl":{"start":{"line":21,"column":55},"end":{"line":21,"column":56}},"loc":{"start":{"line":24,"column":6},"end":{"line":319,"column":1}},"line":24},"1":{"name":"(anonymous_1)","decl":{"start":{"line":31,"column":12},"end":{"line":31,"column":13}},"loc":{"start":{"line":31,"column":18},"end":{"line":33,"column":3}},"line":31},"2":{"name":"(anonymous_2)","decl":{"start":{"line":35,"column":36},"end":{"line":35,"column":37}},"loc":{"start":{"line":35,"column":48},"end":{"line":68,"column":3}},"line":35},"3":{"name":"(anonymous_3)","decl":{"start":{"line":70,"column":23},"end":{"line":70,"column":24}},"loc":{"start":{"line":70,"column":35},"end":{"line":124,"column":3}},"line":70},"4":{"name":"(anonymous_4)","decl":{"start":{"line":90,"column":18},"end":{"line":90,"column":19}},"loc":{"start":{"line":90,"column":29},"end":{"line":98,"column":11}},"line":90},"5":{"name":"(anonymous_5)","decl":{"start":{"line":99,"column":15},"end":{"line":99,"column":16}},"loc":{"start":{"line":99,"column":27},"end":{"line":105,"column":11}},"line":99},"6":{"name":"(anonymous_6)","decl":{"start":{"line":106,"column":16},"end":{"line":106,"column":17}},"loc":{"start":{"line":106,"column":26},"end":{"line":106,"column":60}},"line":106},"7":{"name":"(anonymous_7)","decl":{"start":{"line":112,"column":60},"end":{"line":112,"column":61}},"loc":{"start":{"line":112,"column":65},"end":{"line":112,"column":72}},"line":112},"8":{"name":"(anonymous_8)","decl":{"start":{"line":126,"column":29},"end":{"line":126,"column":30}},"loc":{"start":{"line":126,"column":51},"end":{"line":130,"column":3}},"line":126},"9":{"name":"(anonymous_9)","decl":{"start":{"line":132,"column":26},"end":{"line":132,"column":27}},"loc":{"start":{"line":132,"column":48},"end":{"line":144,"column":3}},"line":132},"10":{"name":"(anonymous_10)","decl":{"start":{"line":138,"column":17},"end":{"line":138,"column":18}},"loc":{"start":{"line":138,"column":23},"end":{"line":141,"column":9}},"line":138},"11":{"name":"(anonymous_11)","decl":{"start":{"line":146,"column":21},"end":{"line":146,"column":22}},"loc":{"start":{"line":146,"column":43},"end":{"line":153,"column":3}},"line":146},"12":{"name":"(anonymous_12)","decl":{"start":{"line":155,"column":27},"end":{"line":155,"column":28}},"loc":{"start":{"line":155,"column":33},"end":{"line":158,"column":3}},"line":155},"13":{"name":"(anonymous_13)","decl":{"start":{"line":160,"column":28},"end":{"line":160,"column":29}},"loc":{"start":{"line":161,"column":4},"end":{"line":198,"column":23}},"line":161},"14":{"name":"(anonymous_14)","decl":{"start":{"line":163,"column":15},"end":{"line":163,"column":16}},"loc":{"start":{"line":163,"column":21},"end":{"line":163,"column":45}},"line":163},"15":{"name":"(anonymous_15)","decl":{"start":{"line":193,"column":17},"end":{"line":193,"column":18}},"loc":{"start":{"line":193,"column":23},"end":{"line":193,"column":44}},"line":193},"16":{"name":"(anonymous_16)","decl":{"start":{"line":294,"column":22},"end":{"line":294,"column":23}},"loc":{"start":{"line":294,"column":30},"end":{"line":294,"column":37}},"line":294},"17":{"name":"(anonymous_17)","decl":{"start":{"line":297,"column":32},"end":{"line":297,"column":33}},"loc":{"start":{"line":297,"column":38},"end":{"line":297,"column":71}},"line":297},"18":{"name":"(anonymous_18)","decl":{"start":{"line":303,"column":23},"end":{"line":303,"column":24}},"loc":{"start":{"line":303,"column":38},"end":{"line":307,"column":9}},"line":303}},"branchMap":{"0":{"loc":{"start":{"line":37,"column":6},"end":{"line":54,"column":7}},"type":"if","locations":[{"start":{"line":37,"column":6},"end":{"line":54,"column":7}},{"start":{},"end":{}}],"line":37},"1":{"loc":{"start":{"line":49,"column":8},"end":{"line":53,"column":9}},"type":"if","locations":[{"start":{"line":49,"column":8},"end":{"line":53,"column":9}},{"start":{},"end":{}}],"line":49},"2":{"loc":{"start":{"line":57,"column":6},"end":{"line":61,"column":7}},"type":"if","locations":[{"start":{"line":57,"column":6},"end":{"line":61,"column":7}},{"start":{},"end":{}}],"line":57},"3":{"loc":{"start":{"line":87,"column":6},"end":{"line":117,"column":7}},"type":"if","locations":[{"start":{"line":87,"column":6},"end":{"line":117,"column":7}},{"start":{"line":115,"column":13},"end":{"line":117,"column":7}}],"line":87},"4":{"loc":{"start":{"line":93,"column":14},"end":{"line":96,"column":45}},"type":"binary-expr","locations":[{"start":{"line":93,"column":14},"end":{"line":93,"column":26}},{"start":{"line":94,"column":14},"end":{"line":94,"column":34}},{"start":{"line":95,"column":14},"end":{"line":95,"column":45}},{"start":{"line":96,"column":14},"end":{"line":96,"column":45}}],"line":93},"5":{"loc":{"start":{"line":100,"column":16},"end":{"line":100,"column":70}},"type":"binary-expr","locations":[{"start":{"line":100,"column":16},"end":{"line":100,"column":26}},{"start":{"line":100,"column":30},"end":{"line":100,"column":70}}],"line":100},"6":{"loc":{"start":{"line":101,"column":18},"end":{"line":101,"column":44}},"type":"binary-expr","locations":[{"start":{"line":101,"column":18},"end":{"line":101,"column":30}},{"start":{"line":101,"column":34},"end":{"line":101,"column":44}}],"line":101},"7":{"loc":{"start":{"line":102,"column":25},"end":{"line":102,"column":78}},"type":"binary-expr","locations":[{"start":{"line":102,"column":25},"end":{"line":102,"column":58}},{"start":{"line":102,"column":62},"end":{"line":102,"column":78}}],"line":102},"8":{"loc":{"start":{"line":168,"column":9},"end":{"line":176,"column":9}},"type":"cond-expr","locations":[{"start":{"line":169,"column":10},"end":{"line":169,"column":76}},{"start":{"line":171,"column":10},"end":{"line":175,"column":17}}],"line":168},"9":{"loc":{"start":{"line":177,"column":9},"end":{"line":181,"column":9}},"type":"binary-expr","locations":[{"start":{"line":177,"column":9},"end":{"line":177,"column":24}},{"start":{"line":178,"column":10},"end":{"line":180,"column":17}}],"line":177},"10":{"loc":{"start":{"line":202,"column":2},"end":{"line":211,"column":3}},"type":"if","locations":[{"start":{"line":202,"column":2},"end":{"line":211,"column":3}},{"start":{},"end":{}}],"line":202},"11":{"loc":{"start":{"line":202,"column":6},"end":{"line":202,"column":39}},"type":"binary-expr","locations":[{"start":{"line":202,"column":6},"end":{"line":202,"column":20}},{"start":{"line":202,"column":24},"end":{"line":202,"column":39}}],"line":202},"12":{"loc":{"start":{"line":213,"column":2},"end":{"line":240,"column":3}},"type":"if","locations":[{"start":{"line":213,"column":2},"end":{"line":240,"column":3}},{"start":{},"end":{}}],"line":213},"13":{"loc":{"start":{"line":242,"column":2},"end":{"line":257,"column":3}},"type":"if","locations":[{"start":{"line":242,"column":2},"end":{"line":257,"column":3}},{"start":{},"end":{}}],"line":242},"14":{"loc":{"start":{"line":276,"column":36},"end":{"line":276,"column":66}},"type":"cond-expr","locations":[{"start":{"line":276,"column":58},"end":{"line":276,"column":61}},{"start":{"line":276,"column":64},"end":{"line":276,"column":66}}],"line":276},"15":{"loc":{"start":{"line":277,"column":11},"end":{"line":277,"column":41}},"type":"cond-expr","locations":[{"start":{"line":277,"column":33},"end":{"line":277,"column":36}},{"start":{"line":277,"column":39},"end":{"line":277,"column":41}}],"line":277},"16":{"loc":{"start":{"line":310,"column":10},"end":{"line":314,"column":18}},"type":"cond-expr","locations":[{"start":{"line":311,"column":12},"end":{"line":313,"column":19}},{"start":{"line":314,"column":14},"end":{"line":314,"column":18}}],"line":310}},"s":{"0":0,"1":0,"2":0,"3":0,"4":0,"5":0,"6":0,"7":0,"8":0,"9":0,"10":0,"11":0,"12":0,"13":0,"14":0,"15":0,"16":0,"17":0,"18":0,"19":0,"20":0,"21":0,"22":0,"23":0,"24":0,"25":0,"26":0,"27":0,"28":0,"29":0,"30":0,"31":0,"32":0,"33":0,"34":0,"35":0,"36":0,"37":0,"38":0,"39":0,"40":0,"41":0,"42":0,"43":0,"44":0,"45":0,"46":0,"47":0,"48":0,"49":0,"50":0,"51":0,"52":0,"53":0,"54":0,"55":0,"56":0,"57":0,"58":0,"59":0,"60":0,"61":0,"62":0,"63":0,"64":0,"65":0,"66":0,"67":0,"68":0,"69":0,"70":0,"71":0,"72":0},"f":{"0":0,"1":0,"2":0,"3":0,"4":0,"5":0,"6":0,"7":0,"8":0,"9":0,"10":0,"11":0,"12":0,"13":0,"14":0,"15":0,"16":0,"17":0,"18":0},"b":{"0":[0,0],"1":[0,0],"2":[0,0],"3":[0,0],"4":[0,0,0,0],"5":[0,0],"6":[0,0],"7":[0,0],"8":[0,0],"9":[0,0],"10":[0,0],"11":[0,0],"12":[0,0],"13":[0,0],"14":[0,0],"15":[0,0],"16":[0,0]}}
,"/Users/lajmi/Documents/cursor/SeniorPhonePro/components/CreateContactScreen.tsx": {"path":"/Users/lajmi/Documents/cursor/SeniorPhonePro/components/CreateContactScreen.tsx","statementMap":{"0":{"start":{"line":16,"column":26},"end":{"line":16,"column":50}},"1":{"start":{"line":24,"column":71},"end":{"line":307,"column":1}},"2":{"start":{"line":29,"column":36},"end":{"line":29,"column":48}},"3":{"start":{"line":30,"column":34},"end":{"line":30,"column":46}},"4":{"start":{"line":31,"column":40},"end":{"line":31,"column":52}},"5":{"start":{"line":32,"column":21},"end":{"line":32,"column":50}},"6":{"start":{"line":33,"column":38},"end":{"line":33,"column":53}},"7":{"start":{"line":34,"column":42},"end":{"line":34,"column":57}},"8":{"start":{"line":35,"column":40},"end":{"line":37,"column":9}},"9":{"start":{"line":39,"column":21},"end":{"line":89,"column":3}},"10":{"start":{"line":40,"column":4},"end":{"line":44,"column":5}},"11":{"start":{"line":41,"column":6},"end":{"line":41,"column":76}},"12":{"start":{"line":42,"column":6},"end":{"line":42,"column":29}},"13":{"start":{"line":43,"column":6},"end":{"line":43,"column":13}},"14":{"start":{"line":46,"column":4},"end":{"line":50,"column":5}},"15":{"start":{"line":47,"column":6},"end":{"line":47,"column":70}},"16":{"start":{"line":48,"column":6},"end":{"line":48,"column":29}},"17":{"start":{"line":49,"column":6},"end":{"line":49,"column":13}},"18":{"start":{"line":52,"column":4},"end":{"line":88,"column":5}},"19":{"start":{"line":53,"column":6},"end":{"line":53,"column":26}},"20":{"start":{"line":54,"column":6},"end":{"line":54,"column":28}},"21":{"start":{"line":57,"column":25},"end":{"line":69,"column":7}},"22":{"start":{"line":71,"column":6},"end":{"line":71,"column":56}},"23":{"start":{"line":73,"column":6},"end":{"line":73,"column":29}},"24":{"start":{"line":74,"column":6},"end":{"line":79,"column":9}},"25":{"start":{"line":81,"column":6},"end":{"line":81,"column":29}},"26":{"start":{"line":82,"column":6},"end":{"line":85,"column":8}},"27":{"start":{"line":87,"column":6},"end":{"line":87,"column":27}},"28":{"start":{"line":91,"column":26},"end":{"line":98,"column":3}},"29":{"start":{"line":92,"column":4},"end":{"line":92,"column":26}},"30":{"start":{"line":93,"column":4},"end":{"line":95,"column":7}},"31":{"start":{"line":100,"column":33},"end":{"line":108,"column":3}},"32":{"start":{"line":101,"column":4},"end":{"line":107,"column":5}},"33":{"start":{"line":102,"column":6},"end":{"line":102,"column":39}},"34":{"start":{"line":102,"column":27},"end":{"line":102,"column":37}},"35":{"start":{"line":103,"column":11},"end":{"line":107,"column":5}},"36":{"start":{"line":104,"column":6},"end":{"line":104,"column":38}},"37":{"start":{"line":104,"column":26},"end":{"line":104,"column":36}},"38":{"start":{"line":105,"column":11},"end":{"line":107,"column":5}},"39":{"start":{"line":106,"column":6},"end":{"line":106,"column":41}},"40":{"start":{"line":106,"column":29},"end":{"line":106,"column":39}},"41":{"start":{"line":110,"column":34},"end":{"line":118,"column":3}},"42":{"start":{"line":111,"column":4},"end":{"line":117,"column":5}},"43":{"start":{"line":112,"column":6},"end":{"line":112,"column":46}},"44":{"start":{"line":112,"column":27},"end":{"line":112,"column":44}},"45":{"start":{"line":113,"column":11},"end":{"line":117,"column":5}},"46":{"start":{"line":114,"column":6},"end":{"line":114,"column":45}},"47":{"start":{"line":114,"column":26},"end":{"line":114,"column":43}},"48":{"start":{"line":115,"column":11},"end":{"line":117,"column":5}},"49":{"start":{"line":116,"column":6},"end":{"line":116,"column":48}},"50":{"start":{"line":116,"column":29},"end":{"line":116,"column":46}},"51":{"start":{"line":120,"column":33},"end":{"line":123,"column":3}},"52":{"start":{"line":121,"column":4},"end":{"line":121,"column":27}},"53":{"start":{"line":122,"column":4},"end":{"line":122,"column":25}},"54":{"start":{"line":125,"column":30},"end":{"line":128,"column":3}},"55":{"start":{"line":126,"column":4},"end":{"line":126,"column":27}},"56":{"start":{"line":127,"column":4},"end":{"line":127,"column":25}},"57":{"start":{"line":130,"column":23},"end":{"line":133,"column":3}},"58":{"start":{"line":131,"column":4},"end":{"line":131,"column":26}},"59":{"start":{"line":132,"column":4},"end":{"line":132,"column":26}},"60":{"start":{"line":135,"column":23},"end":{"line":138,"column":3}},"61":{"start":{"line":136,"column":4},"end":{"line":136,"column":27}},"62":{"start":{"line":137,"column":4},"end":{"line":137,"column":15}},"63":{"start":{"line":140,"column":2},"end":{"line":306,"column":4}},"64":{"start":{"line":187,"column":31},"end":{"line":187,"column":56}},"65":{"start":{"line":206,"column":31},"end":{"line":206,"column":55}},"66":{"start":{"line":225,"column":31},"end":{"line":225,"column":58}},"67":{"start":{"line":309,"column":15},"end":{"line":654,"column":2}}},"fnMap":{"0":{"name":"(anonymous_0)","decl":{"start":{"line":24,"column":71},"end":{"line":24,"column":72}},"loc":{"start":{"line":28,"column":6},"end":{"line":307,"column":1}},"line":28},"1":{"name":"(anonymous_1)","decl":{"start":{"line":39,"column":21},"end":{"line":39,"column":22}},"loc":{"start":{"line":39,"column":33},"end":{"line":89,"column":3}},"line":39},"2":{"name":"(anonymous_2)","decl":{"start":{"line":91,"column":26},"end":{"line":91,"column":27}},"loc":{"start":{"line":91,"column":32},"end":{"line":98,"column":3}},"line":91},"3":{"name":"(anonymous_3)","decl":{"start":{"line":100,"column":33},"end":{"line":100,"column":34}},"loc":{"start":{"line":100,"column":50},"end":{"line":108,"column":3}},"line":100},"4":{"name":"(anonymous_4)","decl":{"start":{"line":102,"column":19},"end":{"line":102,"column":20}},"loc":{"start":{"line":102,"column":27},"end":{"line":102,"column":37}},"line":102},"5":{"name":"(anonymous_5)","decl":{"start":{"line":104,"column":18},"end":{"line":104,"column":19}},"loc":{"start":{"line":104,"column":26},"end":{"line":104,"column":36}},"line":104},"6":{"name":"(anonymous_6)","decl":{"start":{"line":106,"column":21},"end":{"line":106,"column":22}},"loc":{"start":{"line":106,"column":29},"end":{"line":106,"column":39}},"line":106},"7":{"name":"(anonymous_7)","decl":{"start":{"line":110,"column":34},"end":{"line":110,"column":35}},"loc":{"start":{"line":110,"column":40},"end":{"line":118,"column":3}},"line":110},"8":{"name":"(anonymous_8)","decl":{"start":{"line":112,"column":19},"end":{"line":112,"column":20}},"loc":{"start":{"line":112,"column":27},"end":{"line":112,"column":44}},"line":112},"9":{"name":"(anonymous_9)","decl":{"start":{"line":114,"column":18},"end":{"line":114,"column":19}},"loc":{"start":{"line":114,"column":26},"end":{"line":114,"column":43}},"line":114},"10":{"name":"(anonymous_10)","decl":{"start":{"line":116,"column":21},"end":{"line":116,"column":22}},"loc":{"start":{"line":116,"column":29},"end":{"line":116,"column":46}},"line":116},"11":{"name":"(anonymous_11)","decl":{"start":{"line":120,"column":33},"end":{"line":120,"column":34}},"loc":{"start":{"line":120,"column":39},"end":{"line":123,"column":3}},"line":120},"12":{"name":"(anonymous_12)","decl":{"start":{"line":125,"column":30},"end":{"line":125,"column":31}},"loc":{"start":{"line":125,"column":36},"end":{"line":128,"column":3}},"line":125},"13":{"name":"(anonymous_13)","decl":{"start":{"line":130,"column":23},"end":{"line":130,"column":24}},"loc":{"start":{"line":130,"column":76},"end":{"line":133,"column":3}},"line":130},"14":{"name":"(anonymous_14)","decl":{"start":{"line":135,"column":23},"end":{"line":135,"column":24}},"loc":{"start":{"line":135,"column":29},"end":{"line":138,"column":3}},"line":135},"15":{"name":"(anonymous_15)","decl":{"start":{"line":187,"column":25},"end":{"line":187,"column":26}},"loc":{"start":{"line":187,"column":31},"end":{"line":187,"column":56}},"line":187},"16":{"name":"(anonymous_16)","decl":{"start":{"line":206,"column":25},"end":{"line":206,"column":26}},"loc":{"start":{"line":206,"column":31},"end":{"line":206,"column":55}},"line":206},"17":{"name":"(anonymous_17)","decl":{"start":{"line":225,"column":25},"end":{"line":225,"column":26}},"loc":{"start":{"line":225,"column":31},"end":{"line":225,"column":58}},"line":225}},"branchMap":{"0":{"loc":{"start":{"line":40,"column":4},"end":{"line":44,"column":5}},"type":"if","locations":[{"start":{"line":40,"column":4},"end":{"line":44,"column":5}},{"start":{},"end":{}}],"line":40},"1":{"loc":{"start":{"line":40,"column":8},"end":{"line":40,"column":45}},"type":"binary-expr","locations":[{"start":{"line":40,"column":8},"end":{"line":40,"column":25}},{"start":{"line":40,"column":29},"end":{"line":40,"column":45}}],"line":40},"2":{"loc":{"start":{"line":46,"column":4},"end":{"line":50,"column":5}},"type":"if","locations":[{"start":{"line":46,"column":4},"end":{"line":50,"column":5}},{"start":{},"end":{}}],"line":46},"3":{"loc":{"start":{"line":68,"column":15},"end":{"line":68,"column":50}},"type":"cond-expr","locations":[{"start":{"line":68,"column":26},"end":{"line":68,"column":43}},{"start":{"line":68,"column":46},"end":{"line":68,"column":50}}],"line":68},"4":{"loc":{"start":{"line":101,"column":4},"end":{"line":107,"column":5}},"type":"if","locations":[{"start":{"line":101,"column":4},"end":{"line":107,"column":5}},{"start":{"line":103,"column":11},"end":{"line":107,"column":5}}],"line":101},"5":{"loc":{"start":{"line":103,"column":11},"end":{"line":107,"column":5}},"type":"if","locations":[{"start":{"line":103,"column":11},"end":{"line":107,"column":5}},{"start":{"line":105,"column":11},"end":{"line":107,"column":5}}],"line":103},"6":{"loc":{"start":{"line":105,"column":11},"end":{"line":107,"column":5}},"type":"if","locations":[{"start":{"line":105,"column":11},"end":{"line":107,"column":5}},{"start":{},"end":{}}],"line":105},"7":{"loc":{"start":{"line":111,"column":4},"end":{"line":117,"column":5}},"type":"if","locations":[{"start":{"line":111,"column":4},"end":{"line":117,"column":5}},{"start":{"line":113,"column":11},"end":{"line":117,"column":5}}],"line":111},"8":{"loc":{"start":{"line":113,"column":11},"end":{"line":117,"column":5}},"type":"if","locations":[{"start":{"line":113,"column":11},"end":{"line":117,"column":5}},{"start":{"line":115,"column":11},"end":{"line":117,"column":5}}],"line":113},"9":{"loc":{"start":{"line":115,"column":11},"end":{"line":117,"column":5}},"type":"if","locations":[{"start":{"line":115,"column":11},"end":{"line":117,"column":5}},{"start":{},"end":{}}],"line":115},"10":{"loc":{"start":{"line":143,"column":16},"end":{"line":143,"column":60}},"type":"cond-expr","locations":[{"start":{"line":143,"column":40},"end":{"line":143,"column":49}},{"start":{"line":143,"column":52},"end":{"line":143,"column":60}}],"line":143},"11":{"loc":{"start":{"line":145,"column":7},"end":{"line":304,"column":7}},"type":"cond-expr","locations":[{"start":{"line":146,"column":8},"end":{"line":160,"column":10}},{"start":{"line":162,"column":8},"end":{"line":303,"column":15}}],"line":145},"12":{"loc":{"start":{"line":152,"column":12},"end":{"line":158,"column":22}},"type":"cond-expr","locations":[{"start":{"line":153,"column":16},"end":{"line":153,"column":25}},{"start":{"line":154,"column":16},"end":{"line":158,"column":22}}],"line":152},"13":{"loc":{"start":{"line":154,"column":16},"end":{"line":158,"column":22}},"type":"cond-expr","locations":[{"start":{"line":155,"column":18},"end":{"line":155,"column":26}},{"start":{"line":156,"column":18},"end":{"line":158,"column":22}}],"line":154},"14":{"loc":{"start":{"line":156,"column":18},"end":{"line":158,"column":22}},"type":"cond-expr","locations":[{"start":{"line":157,"column":20},"end":{"line":157,"column":31}},{"start":{"line":158,"column":20},"end":{"line":158,"column":22}}],"line":156},"15":{"loc":{"start":{"line":193,"column":20},"end":{"line":193,"column":56}},"type":"binary-expr","locations":[{"start":{"line":193,"column":20},"end":{"line":193,"column":30}},{"start":{"line":193,"column":34},"end":{"line":193,"column":56}}],"line":193},"16":{"loc":{"start":{"line":196,"column":19},"end":{"line":196,"column":53}},"type":"binary-expr","locations":[{"start":{"line":196,"column":19},"end":{"line":196,"column":28}},{"start":{"line":196,"column":32},"end":{"line":196,"column":53}}],"line":196},"17":{"loc":{"start":{"line":212,"column":20},"end":{"line":212,"column":55}},"type":"binary-expr","locations":[{"start":{"line":212,"column":20},"end":{"line":212,"column":29}},{"start":{"line":212,"column":33},"end":{"line":212,"column":55}}],"line":212},"18":{"loc":{"start":{"line":215,"column":19},"end":{"line":215,"column":52}},"type":"binary-expr","locations":[{"start":{"line":215,"column":19},"end":{"line":215,"column":27}},{"start":{"line":215,"column":31},"end":{"line":215,"column":52}}],"line":215},"19":{"loc":{"start":{"line":231,"column":20},"end":{"line":231,"column":58}},"type":"binary-expr","locations":[{"start":{"line":231,"column":20},"end":{"line":231,"column":32}},{"start":{"line":231,"column":36},"end":{"line":231,"column":58}}],"line":231},"20":{"loc":{"start":{"line":234,"column":19},"end":{"line":234,"column":55}},"type":"binary-expr","locations":[{"start":{"line":234,"column":19},"end":{"line":234,"column":30}},{"start":{"line":234,"column":34},"end":{"line":234,"column":55}}],"line":234},"21":{"loc":{"start":{"line":248,"column":15},"end":{"line":254,"column":15}},"type":"cond-expr","locations":[{"start":{"line":249,"column":16},"end":{"line":251,"column":23}},{"start":{"line":253,"column":16},"end":{"line":253,"column":80}}],"line":248},"22":{"loc":{"start":{"line":275,"column":18},"end":{"line":277,"column":24}},"type":"cond-expr","locations":[{"start":{"line":276,"column":22},"end":{"line":276,"column":43}},{"start":{"line":277,"column":22},"end":{"line":277,"column":24}}],"line":275},"23":{"loc":{"start":{"line":275,"column":18},"end":{"line":275,"column":80}},"type":"binary-expr","locations":[{"start":{"line":275,"column":19},"end":{"line":275,"column":36}},{"start":{"line":275,"column":40},"end":{"line":275,"column":56}},{"start":{"line":275,"column":61},"end":{"line":275,"column":80}}],"line":275},"24":{"loc":{"start":{"line":282,"column":18},"end":{"line":284,"column":28}},"type":"binary-expr","locations":[{"start":{"line":282,"column":19},"end":{"line":282,"column":36}},{"start":{"line":282,"column":40},"end":{"line":282,"column":56}},{"start":{"line":283,"column":18},"end":{"line":283,"column":37}},{"start":{"line":284,"column":18},"end":{"line":284,"column":28}}],"line":282},"25":{"loc":{"start":{"line":290,"column":20},"end":{"line":294,"column":26}},"type":"cond-expr","locations":[{"start":{"line":293,"column":24},"end":{"line":293,"column":49}},{"start":{"line":294,"column":24},"end":{"line":294,"column":26}}],"line":290},"26":{"loc":{"start":{"line":290,"column":20},"end":{"line":292,"column":30}},"type":"binary-expr","locations":[{"start":{"line":290,"column":21},"end":{"line":290,"column":38}},{"start":{"line":290,"column":42},"end":{"line":290,"column":58}},{"start":{"line":291,"column":20},"end":{"line":291,"column":39}},{"start":{"line":292,"column":20},"end":{"line":292,"column":30}}],"line":290},"27":{"loc":{"start":{"line":298,"column":19},"end":{"line":298,"column":61}},"type":"cond-expr","locations":[{"start":{"line":298,"column":32},"end":{"line":298,"column":45}},{"start":{"line":298,"column":48},"end":{"line":298,"column":61}}],"line":298}},"s":{"0":0,"1":0,"2":0,"3":0,"4":0,"5":0,"6":0,"7":0,"8":0,"9":0,"10":0,"11":0,"12":0,"13":0,"14":0,"15":0,"16":0,"17":0,"18":0,"19":0,"20":0,"21":0,"22":0,"23":0,"24":0,"25":0,"26":0,"27":0,"28":0,"29":0,"30":0,"31":0,"32":0,"33":0,"34":0,"35":0,"36":0,"37":0,"38":0,"39":0,"40":0,"41":0,"42":0,"43":0,"44":0,"45":0,"46":0,"47":0,"48":0,"49":0,"50":0,"51":0,"52":0,"53":0,"54":0,"55":0,"56":0,"57":0,"58":0,"59":0,"60":0,"61":0,"62":0,"63":0,"64":0,"65":0,"66":0,"67":0},"f":{"0":0,"1":0,"2":0,"3":0,"4":0,"5":0,"6":0,"7":0,"8":0,"9":0,"10":0,"11":0,"12":0,"13":0,"14":0,"15":0,"16":0,"17":0},"b":{"0":[0,0],"1":[0,0],"2":[0,0],"3":[0,0],"4":[0,0],"5":[0,0],"6":[0,0],"7":[0,0],"8":[0,0],"9":[0,0],"10":[0,0],"11":[0,0],"12":[0,0],"13":[0,0],"14":[0,0],"15":[0,0],"16":[0,0],"17":[0,0],"18":[0,0],"19":[0,0],"20":[0,0],"21":[0,0],"22":[0,0],"23":[0,0,0],"24":[0,0,0,0],"25":[0,0],"26":[0,0,0,0],"27":[0,0]}}
,"/Users/lajmi/Documents/cursor/SeniorPhonePro/components/DialPad.tsx": {"path":"/Users/lajmi/Documents/cursor/SeniorPhonePro/components/DialPad.tsx","statementMap":{"0":{"start":{"line":12,"column":19},"end":{"line":12,"column":43}},"1":{"start":{"line":18,"column":47},"end":{"line":120,"column":1}},"2":{"start":{"line":19,"column":28},"end":{"line":19,"column":62}},"3":{"start":{"line":24,"column":2},"end":{"line":31,"column":9}},"4":{"start":{"line":25,"column":4},"end":{"line":25,"column":16}},"5":{"start":{"line":26,"column":4},"end":{"line":30,"column":6}},"6":{"start":{"line":27,"column":6},"end":{"line":29,"column":7}},"7":{"start":{"line":28,"column":8},"end":{"line":28,"column":28}},"8":{"start":{"line":34,"column":20},"end":{"line":52,"column":3}},"9":{"start":{"line":35,"column":4},"end":{"line":51,"column":5}},"10":{"start":{"line":37,"column":34},"end":{"line":46,"column":7}},"11":{"start":{"line":47,"column":6},"end":{"line":47,"column":25}},"12":{"start":{"line":48,"column":6},"end":{"line":48,"column":57}},"13":{"start":{"line":50,"column":6},"end":{"line":50,"column":64}},"14":{"start":{"line":55,"column":25},"end":{"line":66,"column":3}},"15":{"start":{"line":56,"column":4},"end":{"line":65,"column":5}},"16":{"start":{"line":57,"column":6},"end":{"line":62,"column":7}},"17":{"start":{"line":58,"column":8},"end":{"line":58,"column":51}},"18":{"start":{"line":59,"column":8},"end":{"line":59,"column":34}},"19":{"start":{"line":61,"column":8},"end":{"line":61,"column":45}},"20":{"start":{"line":64,"column":6},"end":{"line":64,"column":64}},"21":{"start":{"line":71,"column":28},"end":{"line":77,"column":3}},"22":{"start":{"line":73,"column":4},"end":{"line":73,"column":27}},"23":{"start":{"line":76,"column":4},"end":{"line":76,"column":23}},"24":{"start":{"line":79,"column":25},"end":{"line":84,"column":3}},"25":{"start":{"line":87,"column":30},"end":{"line":90,"column":3}},"26":{"start":{"line":88,"column":23},"end":{"line":88,"column":41}},"27":{"start":{"line":89,"column":4},"end":{"line":89,"column":56}},"28":{"start":{"line":92,"column":2},"end":{"line":119,"column":4}},"29":{"start":{"line":95,"column":8},"end":{"line":116,"column":15}},"30":{"start":{"line":97,"column":12},"end":{"line":114,"column":31}},"31":{"start":{"line":100,"column":29},"end":{"line":100,"column":51}},"32":{"start":{"line":122,"column":15},"end":{"line":165,"column":2}}},"fnMap":{"0":{"name":"(anonymous_0)","decl":{"start":{"line":18,"column":47},"end":{"line":18,"column":48}},"loc":{"start":{"line":18,"column":70},"end":{"line":120,"column":1}},"line":18},"1":{"name":"(anonymous_1)","decl":{"start":{"line":24,"column":12},"end":{"line":24,"column":13}},"loc":{"start":{"line":24,"column":18},"end":{"line":31,"column":3}},"line":24},"2":{"name":"(anonymous_2)","decl":{"start":{"line":26,"column":11},"end":{"line":26,"column":12}},"loc":{"start":{"line":26,"column":17},"end":{"line":30,"column":5}},"line":26},"3":{"name":"(anonymous_3)","decl":{"start":{"line":34,"column":20},"end":{"line":34,"column":21}},"loc":{"start":{"line":34,"column":32},"end":{"line":52,"column":3}},"line":34},"4":{"name":"(anonymous_4)","decl":{"start":{"line":55,"column":25},"end":{"line":55,"column":26}},"loc":{"start":{"line":55,"column":37},"end":{"line":66,"column":3}},"line":55},"5":{"name":"(anonymous_5)","decl":{"start":{"line":71,"column":28},"end":{"line":71,"column":29}},"loc":{"start":{"line":71,"column":51},"end":{"line":77,"column":3}},"line":71},"6":{"name":"(anonymous_6)","decl":{"start":{"line":87,"column":30},"end":{"line":87,"column":31}},"loc":{"start":{"line":87,"column":36},"end":{"line":90,"column":3}},"line":87},"7":{"name":"(anonymous_7)","decl":{"start":{"line":94,"column":26},"end":{"line":94,"column":27}},"loc":{"start":{"line":95,"column":8},"end":{"line":116,"column":15}},"line":95},"8":{"name":"(anonymous_8)","decl":{"start":{"line":96,"column":19},"end":{"line":96,"column":20}},"loc":{"start":{"line":97,"column":12},"end":{"line":114,"column":31}},"line":97},"9":{"name":"(anonymous_9)","decl":{"start":{"line":100,"column":23},"end":{"line":100,"column":24}},"loc":{"start":{"line":100,"column":29},"end":{"line":100,"column":51}},"line":100}},"branchMap":{"0":{"loc":{"start":{"line":27,"column":6},"end":{"line":29,"column":7}},"type":"if","locations":[{"start":{"line":27,"column":6},"end":{"line":29,"column":7}},{"start":{},"end":{}}],"line":27},"1":{"loc":{"start":{"line":57,"column":6},"end":{"line":62,"column":7}},"type":"if","locations":[{"start":{"line":57,"column":6},"end":{"line":62,"column":7}},{"start":{"line":60,"column":13},"end":{"line":62,"column":7}}],"line":57}},"s":{"0":0,"1":0,"2":0,"3":0,"4":0,"5":0,"6":0,"7":0,"8":0,"9":0,"10":0,"11":0,"12":0,"13":0,"14":0,"15":0,"16":0,"17":0,"18":0,"19":0,"20":0,"21":0,"22":0,"23":0,"24":0,"25":0,"26":0,"27":0,"28":0,"29":0,"30":0,"31":0,"32":0},"f":{"0":0,"1":0,"2":0,"3":0,"4":0,"5":0,"6":0,"7":0,"8":0,"9":0},"b":{"0":[0,0],"1":[0,0]}}
,"/Users/lajmi/Documents/cursor/SeniorPhonePro/components/LoadingSpinner.tsx": {"path":"/Users/lajmi/Documents/cursor/SeniorPhonePro/components/LoadingSpinner.tsx","statementMap":{"0":{"start":{"line":8,"column":61},"end":{"line":17,"column":1}},"1":{"start":{"line":11,"column":2},"end":{"line":16,"column":4}},"2":{"start":{"line":19,"column":15},"end":{"line":32,"column":2}}},"fnMap":{"0":{"name":"(anonymous_0)","decl":{"start":{"line":8,"column":61},"end":{"line":8,"column":62}},"loc":{"start":{"line":10,"column":6},"end":{"line":17,"column":1}},"line":10}},"branchMap":{"0":{"loc":{"start":{"line":9,"column":2},"end":{"line":9,"column":27}},"type":"default-arg","locations":[{"start":{"line":9,"column":12},"end":{"line":9,"column":27}}],"line":9}},"s":{"0":0,"1":0,"2":0},"f":{"0":0},"b":{"0":[0]}}
,"/Users/lajmi/Documents/cursor/SeniorPhonePro/components/NavigationScreen.tsx": {"path":"/Users/lajmi/Documents/cursor/SeniorPhonePro/components/NavigationScreen.tsx","statementMap":{"0":{"start":{"line":17,"column":65},"end":{"line":78,"column":1}},"1":{"start":{"line":22,"column":2},"end":{"line":77,"column":4}},"2":{"start":{"line":80,"column":15},"end":{"line":188,"column":2}}},"fnMap":{"0":{"name":"(anonymous_0)","decl":{"start":{"line":17,"column":65},"end":{"line":17,"column":66}},"loc":{"start":{"line":21,"column":6},"end":{"line":78,"column":1}},"line":21}},"branchMap":{},"s":{"0":0,"1":0,"2":0},"f":{"0":0},"b":{}}
,"/Users/lajmi/Documents/cursor/SeniorPhonePro/components/PhoneDisplay.tsx": {"path":"/Users/lajmi/Documents/cursor/SeniorPhonePro/components/PhoneDisplay.tsx","statementMap":{"0":{"start":{"line":14,"column":26},"end":{"line":14,"column":50}},"1":{"start":{"line":18,"column":57},"end":{"line":318,"column":1}},"2":{"start":{"line":23,"column":44},"end":{"line":23,"column":59}},"3":{"start":{"line":24,"column":56},"end":{"line":24,"column":71}},"4":{"start":{"line":25,"column":25},"end":{"line":25,"column":62}},"5":{"start":{"line":26,"column":27},"end":{"line":26,"column":64}},"6":{"start":{"line":27,"column":27},"end":{"line":27,"column":64}},"7":{"start":{"line":28,"column":29},"end":{"line":28,"column":66}},"8":{"start":{"line":31,"column":23},"end":{"line":37,"column":3}},"9":{"start":{"line":39,"column":28},"end":{"line":47,"column":3}},"10":{"start":{"line":40,"column":4},"end":{"line":42,"column":5}},"11":{"start":{"line":41,"column":6},"end":{"line":41,"column":16}},"12":{"start":{"line":45,"column":22},"end":{"line":45,"column":61}},"13":{"start":{"line":46,"column":4},"end":{"line":46,"column":21}},"14":{"start":{"line":50,"column":27},"end":{"line":70,"column":3}},"15":{"start":{"line":51,"column":4},"end":{"line":69,"column":5}},"16":{"start":{"line":52,"column":6},"end":{"line":52,"column":29}},"17":{"start":{"line":54,"column":6},"end":{"line":65,"column":17}},"18":{"start":{"line":68,"column":6},"end":{"line":68,"column":48}},"19":{"start":{"line":68,"column":23},"end":{"line":68,"column":41}},"20":{"start":{"line":73,"column":25},"end":{"line":92,"column":3}},"21":{"start":{"line":75,"column":4},"end":{"line":75,"column":18}},"22":{"start":{"line":78,"column":4},"end":{"line":91,"column":7}},"23":{"start":{"line":90,"column":6},"end":{"line":90,"column":30}},"24":{"start":{"line":97,"column":31},"end":{"line":116,"column":3}},"25":{"start":{"line":99,"column":4},"end":{"line":99,"column":18}},"26":{"start":{"line":102,"column":4},"end":{"line":115,"column":7}},"27":{"start":{"line":114,"column":6},"end":{"line":114,"column":36}},"28":{"start":{"line":119,"column":22},"end":{"line":125,"column":3}},"29":{"start":{"line":121,"column":4},"end":{"line":121,"column":66}},"30":{"start":{"line":122,"column":4},"end":{"line":122,"column":27}},"31":{"start":{"line":124,"column":4},"end":{"line":124,"column":26}},"32":{"start":{"line":128,"column":21},"end":{"line":131,"column":3}},"33":{"start":{"line":129,"column":4},"end":{"line":129,"column":34}},"34":{"start":{"line":130,"column":4},"end":{"line":130,"column":27}},"35":{"start":{"line":134,"column":27},"end":{"line":149,"column":3}},"36":{"start":{"line":135,"column":4},"end":{"line":148,"column":5}},"37":{"start":{"line":136,"column":30},"end":{"line":136,"column":60}},"38":{"start":{"line":137,"column":22},"end":{"line":137,"column":59}},"39":{"start":{"line":139,"column":6},"end":{"line":139,"column":58}},"40":{"start":{"line":140,"column":6},"end":{"line":140,"column":50}},"41":{"start":{"line":141,"column":6},"end":{"line":141,"column":49}},"42":{"start":{"line":142,"column":6},"end":{"line":142,"column":58}},"43":{"start":{"line":144,"column":6},"end":{"line":144,"column":42}},"44":{"start":{"line":145,"column":6},"end":{"line":145,"column":59}},"45":{"start":{"line":147,"column":6},"end":{"line":147,"column":68}},"46":{"start":{"line":153,"column":2},"end":{"line":317,"column":4}},"47":{"start":{"line":320,"column":15},"end":{"line":633,"column":2}}},"fnMap":{"0":{"name":"(anonymous_0)","decl":{"start":{"line":18,"column":57},"end":{"line":18,"column":58}},"loc":{"start":{"line":22,"column":6},"end":{"line":318,"column":1}},"line":22},"1":{"name":"(anonymous_1)","decl":{"start":{"line":39,"column":28},"end":{"line":39,"column":29}},"loc":{"start":{"line":39,"column":48},"end":{"line":47,"column":3}},"line":39},"2":{"name":"(anonymous_2)","decl":{"start":{"line":50,"column":27},"end":{"line":50,"column":28}},"loc":{"start":{"line":50,"column":33},"end":{"line":70,"column":3}},"line":50},"3":{"name":"(anonymous_3)","decl":{"start":{"line":68,"column":17},"end":{"line":68,"column":18}},"loc":{"start":{"line":68,"column":23},"end":{"line":68,"column":41}},"line":68},"4":{"name":"(anonymous_4)","decl":{"start":{"line":73,"column":25},"end":{"line":73,"column":26}},"loc":{"start":{"line":73,"column":31},"end":{"line":92,"column":3}},"line":73},"5":{"name":"(anonymous_5)","decl":{"start":{"line":89,"column":13},"end":{"line":89,"column":14}},"loc":{"start":{"line":89,"column":19},"end":{"line":91,"column":5}},"line":89},"6":{"name":"(anonymous_6)","decl":{"start":{"line":97,"column":31},"end":{"line":97,"column":32}},"loc":{"start":{"line":97,"column":37},"end":{"line":116,"column":3}},"line":97},"7":{"name":"(anonymous_7)","decl":{"start":{"line":113,"column":13},"end":{"line":113,"column":14}},"loc":{"start":{"line":113,"column":19},"end":{"line":115,"column":5}},"line":113},"8":{"name":"(anonymous_8)","decl":{"start":{"line":119,"column":22},"end":{"line":119,"column":23}},"loc":{"start":{"line":119,"column":28},"end":{"line":125,"column":3}},"line":119},"9":{"name":"(anonymous_9)","decl":{"start":{"line":128,"column":21},"end":{"line":128,"column":22}},"loc":{"start":{"line":128,"column":27},"end":{"line":131,"column":3}},"line":128},"10":{"name":"(anonymous_10)","decl":{"start":{"line":134,"column":27},"end":{"line":134,"column":28}},"loc":{"start":{"line":134,"column":33},"end":{"line":149,"column":3}},"line":134}},"branchMap":{"0":{"loc":{"start":{"line":40,"column":4},"end":{"line":42,"column":5}},"type":"if","locations":[{"start":{"line":40,"column":4},"end":{"line":42,"column":5}},{"start":{},"end":{}}],"line":40},"1":{"loc":{"start":{"line":51,"column":4},"end":{"line":69,"column":5}},"type":"if","locations":[{"start":{"line":51,"column":4},"end":{"line":69,"column":5}},{"start":{},"end":{}}],"line":51},"2":{"loc":{"start":{"line":177,"column":7},"end":{"line":183,"column":7}},"type":"binary-expr","locations":[{"start":{"line":177,"column":7},"end":{"line":177,"column":29}},{"start":{"line":178,"column":8},"end":{"line":182,"column":15}}],"line":177},"3":{"loc":{"start":{"line":180,"column":41},"end":{"line":180,"column":74}},"type":"cond-expr","locations":[{"start":{"line":180,"column":66},"end":{"line":180,"column":69}},{"start":{"line":180,"column":72},"end":{"line":180,"column":74}}],"line":180},"4":{"loc":{"start":{"line":221,"column":19},"end":{"line":221,"column":52}},"type":"cond-expr","locations":[{"start":{"line":221,"column":44},"end":{"line":221,"column":47}},{"start":{"line":221,"column":50},"end":{"line":221,"column":52}}],"line":221},"5":{"loc":{"start":{"line":222,"column":19},"end":{"line":222,"column":52}},"type":"cond-expr","locations":[{"start":{"line":222,"column":44},"end":{"line":222,"column":47}},{"start":{"line":222,"column":50},"end":{"line":222,"column":52}}],"line":222}},"s":{"0":0,"1":0,"2":0,"3":0,"4":0,"5":0,"6":0,"7":0,"8":0,"9":0,"10":0,"11":0,"12":0,"13":0,"14":0,"15":0,"16":0,"17":0,"18":0,"19":0,"20":0,"21":0,"22":0,"23":0,"24":0,"25":0,"26":0,"27":0,"28":0,"29":0,"30":0,"31":0,"32":0,"33":0,"34":0,"35":0,"36":0,"37":0,"38":0,"39":0,"40":0,"41":0,"42":0,"43":0,"44":0,"45":0,"46":0,"47":0},"f":{"0":0,"1":0,"2":0,"3":0,"4":0,"5":0,"6":0,"7":0,"8":0,"9":0,"10":0},"b":{"0":[0,0],"1":[0,0],"2":[0,0],"3":[0,0],"4":[0,0],"5":[0,0]}}
,"/Users/lajmi/Documents/cursor/SeniorPhonePro/components/SystemInfo.tsx": {"path":"/Users/lajmi/Documents/cursor/SeniorPhonePro/components/SystemInfo.tsx","statementMap":{"0":{"start":{"line":21,"column":26},"end":{"line":21,"column":50}},"1":{"start":{"line":30,"column":53},"end":{"line":674,"column":2}},"2":{"start":{"line":34,"column":40},"end":{"line":34,"column":60}},"3":{"start":{"line":35,"column":42},"end":{"line":35,"column":57}},"4":{"start":{"line":36,"column":48},"end":{"line":36,"column":63}},"5":{"start":{"line":37,"column":48},"end":{"line":37,"column":63}},"6":{"start":{"line":38,"column":20},"end":{"line":38,"column":57}},"7":{"start":{"line":39,"column":22},"end":{"line":39,"column":59}},"8":{"start":{"line":40,"column":27},"end":{"line":40,"column":64}},"9":{"start":{"line":41,"column":29},"end":{"line":41,"column":66}},"10":{"start":{"line":42,"column":27},"end":{"line":42,"column":64}},"11":{"start":{"line":43,"column":29},"end":{"line":43,"column":66}},"12":{"start":{"line":45,"column":2},"end":{"line":51,"column":9}},"13":{"start":{"line":46,"column":18},"end":{"line":48,"column":12}},"14":{"start":{"line":47,"column":6},"end":{"line":47,"column":33}},"15":{"start":{"line":50,"column":4},"end":{"line":50,"column":38}},"16":{"start":{"line":50,"column":17},"end":{"line":50,"column":37}},"17":{"start":{"line":53,"column":26},"end":{"line":71,"column":30}},"18":{"start":{"line":54,"column":4},"end":{"line":54,"column":26}},"19":{"start":{"line":56,"column":4},"end":{"line":67,"column":15}},"20":{"start":{"line":70,"column":4},"end":{"line":70,"column":39}},"21":{"start":{"line":70,"column":21},"end":{"line":70,"column":32}},"22":{"start":{"line":73,"column":24},"end":{"line":92,"column":30}},"23":{"start":{"line":75,"column":4},"end":{"line":75,"column":19}},"24":{"start":{"line":78,"column":4},"end":{"line":91,"column":7}},"25":{"start":{"line":90,"column":6},"end":{"line":90,"column":29}},"26":{"start":{"line":94,"column":29},"end":{"line":112,"column":44}},"27":{"start":{"line":95,"column":4},"end":{"line":95,"column":29}},"28":{"start":{"line":97,"column":4},"end":{"line":108,"column":15}},"29":{"start":{"line":111,"column":4},"end":{"line":111,"column":42}},"30":{"start":{"line":111,"column":21},"end":{"line":111,"column":35}},"31":{"start":{"line":114,"column":27},"end":{"line":133,"column":44}},"32":{"start":{"line":116,"column":4},"end":{"line":116,"column":19}},"33":{"start":{"line":119,"column":4},"end":{"line":132,"column":7}},"34":{"start":{"line":131,"column":6},"end":{"line":131,"column":32}},"35":{"start":{"line":135,"column":29},"end":{"line":153,"column":44}},"36":{"start":{"line":136,"column":4},"end":{"line":136,"column":29}},"37":{"start":{"line":138,"column":4},"end":{"line":149,"column":15}},"38":{"start":{"line":152,"column":4},"end":{"line":152,"column":42}},"39":{"start":{"line":152,"column":21},"end":{"line":152,"column":35}},"40":{"start":{"line":155,"column":27},"end":{"line":174,"column":44}},"41":{"start":{"line":157,"column":4},"end":{"line":157,"column":19}},"42":{"start":{"line":160,"column":4},"end":{"line":173,"column":7}},"43":{"start":{"line":172,"column":6},"end":{"line":172,"column":32}},"44":{"start":{"line":176,"column":26},"end":{"line":184,"column":8}},"45":{"start":{"line":176,"column":40},"end":{"line":184,"column":3}},"46":{"start":{"line":177,"column":4},"end":{"line":179,"column":5}},"47":{"start":{"line":178,"column":6},"end":{"line":178,"column":23}},"48":{"start":{"line":180,"column":4},"end":{"line":182,"column":5}},"49":{"start":{"line":181,"column":6},"end":{"line":181,"column":23}},"50":{"start":{"line":183,"column":4},"end":{"line":183,"column":21}},"51":{"start":{"line":186,"column":26},"end":{"line":194,"column":8}},"52":{"start":{"line":186,"column":40},"end":{"line":194,"column":3}},"53":{"start":{"line":187,"column":4},"end":{"line":189,"column":5}},"54":{"start":{"line":188,"column":6},"end":{"line":188,"column":23}},"55":{"start":{"line":190,"column":4},"end":{"line":192,"column":5}},"56":{"start":{"line":191,"column":6},"end":{"line":191,"column":23}},"57":{"start":{"line":193,"column":4},"end":{"line":193,"column":21}},"58":{"start":{"line":197,"column":31},"end":{"line":233,"column":43}},"59":{"start":{"line":198,"column":20},"end":{"line":198,"column":21}},"60":{"start":{"line":199,"column":17},"end":{"line":199,"column":19}},"61":{"start":{"line":201,"column":4},"end":{"line":221,"column":5}},"62":{"start":{"line":201,"column":17},"end":{"line":201,"column":18}},"63":{"start":{"line":202,"column":23},"end":{"line":202,"column":33}},"64":{"start":{"line":203,"column":24},"end":{"line":203,"column":34}},"65":{"start":{"line":204,"column":22},"end":{"line":204,"column":41}},"66":{"start":{"line":205,"column":20},"end":{"line":205,"column":42}},"67":{"start":{"line":207,"column":6},"end":{"line":220,"column":8}},"68":{"start":{"line":223,"column":4},"end":{"line":232,"column":6}},"69":{"start":{"line":236,"column":31},"end":{"line":262,"column":43}},"70":{"start":{"line":237,"column":18},"end":{"line":237,"column":40}},"71":{"start":{"line":239,"column":4},"end":{"line":261,"column":6}},"72":{"start":{"line":265,"column":23},"end":{"line":280,"column":36}},"73":{"start":{"line":266,"column":4},"end":{"line":279,"column":6}},"74":{"start":{"line":285,"column":23},"end":{"line":291,"column":3}},"75":{"start":{"line":294,"column":20},"end":{"line":307,"column":19}},"76":{"start":{"line":295,"column":23},"end":{"line":298,"column":6}},"77":{"start":{"line":299,"column":20},"end":{"line":299,"column":42}},"78":{"start":{"line":302,"column":4},"end":{"line":306,"column":5}},"79":{"start":{"line":303,"column":6},"end":{"line":303,"column":42}},"80":{"start":{"line":310,"column":23},"end":{"line":337,"column":20}},"81":{"start":{"line":312,"column":22},"end":{"line":312,"column":24}},"82":{"start":{"line":313,"column":26},"end":{"line":313,"column":28}},"83":{"start":{"line":315,"column":4},"end":{"line":327,"column":5}},"84":{"start":{"line":316,"column":6},"end":{"line":316,"column":33}},"85":{"start":{"line":317,"column":6},"end":{"line":317,"column":43}},"86":{"start":{"line":318,"column":11},"end":{"line":327,"column":5}},"87":{"start":{"line":319,"column":6},"end":{"line":319,"column":28}},"88":{"start":{"line":320,"column":6},"end":{"line":320,"column":38}},"89":{"start":{"line":321,"column":11},"end":{"line":327,"column":5}},"90":{"start":{"line":322,"column":6},"end":{"line":322,"column":27}},"91":{"start":{"line":323,"column":6},"end":{"line":323,"column":39}},"92":{"start":{"line":325,"column":6},"end":{"line":325,"column":29}},"93":{"start":{"line":326,"column":6},"end":{"line":326,"column":40}},"94":{"start":{"line":329,"column":20},"end":{"line":329,"column":109}},"95":{"start":{"line":332,"column":4},"end":{"line":336,"column":5}},"96":{"start":{"line":333,"column":6},"end":{"line":333,"column":42}},"97":{"start":{"line":340,"column":23},"end":{"line":370,"column":20}},"98":{"start":{"line":342,"column":20},"end":{"line":342,"column":22}},"99":{"start":{"line":343,"column":21},"end":{"line":343,"column":23}},"100":{"start":{"line":345,"column":4},"end":{"line":360,"column":5}},"101":{"start":{"line":346,"column":6},"end":{"line":346,"column":30}},"102":{"start":{"line":347,"column":6},"end":{"line":347,"column":31}},"103":{"start":{"line":348,"column":11},"end":{"line":360,"column":5}},"104":{"start":{"line":349,"column":6},"end":{"line":349,"column":24}},"105":{"start":{"line":350,"column":6},"end":{"line":350,"column":25}},"106":{"start":{"line":351,"column":11},"end":{"line":360,"column":5}},"107":{"start":{"line":352,"column":6},"end":{"line":352,"column":26}},"108":{"start":{"line":353,"column":6},"end":{"line":353,"column":27}},"109":{"start":{"line":354,"column":11},"end":{"line":360,"column":5}},"110":{"start":{"line":355,"column":6},"end":{"line":355,"column":26}},"111":{"start":{"line":356,"column":6},"end":{"line":356,"column":27}},"112":{"start":{"line":358,"column":6},"end":{"line":358,"column":29}},"113":{"start":{"line":359,"column":6},"end":{"line":359,"column":30}},"114":{"start":{"line":362,"column":20},"end":{"line":362,"column":109}},"115":{"start":{"line":365,"column":4},"end":{"line":369,"column":5}},"116":{"start":{"line":366,"column":6},"end":{"line":366,"column":42}},"117":{"start":{"line":373,"column":23},"end":{"line":375,"column":8}},"118":{"start":{"line":374,"column":4},"end":{"line":374,"column":18}},"119":{"start":{"line":377,"column":2},"end":{"line":673,"column":4}},"120":{"start":{"line":505,"column":39},"end":{"line":505,"column":55}},"121":{"start":{"line":506,"column":40},"end":{"line":506,"column":56}},"122":{"start":{"line":507,"column":38},"end":{"line":507,"column":57}},"123":{"start":{"line":508,"column":36},"end":{"line":508,"column":65}},"124":{"start":{"line":510,"column":22},"end":{"line":523,"column":24}},"125":{"start":{"line":676,"column":15},"end":{"line":1216,"column":2}}},"fnMap":{"0":{"name":"(anonymous_0)","decl":{"start":{"line":30,"column":64},"end":{"line":30,"column":65}},"loc":{"start":{"line":33,"column":6},"end":{"line":674,"column":1}},"line":33},"1":{"name":"(anonymous_1)","decl":{"start":{"line":45,"column":12},"end":{"line":45,"column":13}},"loc":{"start":{"line":45,"column":18},"end":{"line":51,"column":3}},"line":45},"2":{"name":"(anonymous_2)","decl":{"start":{"line":46,"column":30},"end":{"line":46,"column":31}},"loc":{"start":{"line":46,"column":36},"end":{"line":48,"column":5}},"line":46},"3":{"name":"(anonymous_3)","decl":{"start":{"line":50,"column":11},"end":{"line":50,"column":12}},"loc":{"start":{"line":50,"column":17},"end":{"line":50,"column":37}},"line":50},"4":{"name":"(anonymous_4)","decl":{"start":{"line":53,"column":38},"end":{"line":53,"column":39}},"loc":{"start":{"line":53,"column":44},"end":{"line":71,"column":3}},"line":53},"5":{"name":"(anonymous_5)","decl":{"start":{"line":70,"column":15},"end":{"line":70,"column":16}},"loc":{"start":{"line":70,"column":21},"end":{"line":70,"column":32}},"line":70},"6":{"name":"(anonymous_6)","decl":{"start":{"line":73,"column":36},"end":{"line":73,"column":37}},"loc":{"start":{"line":73,"column":42},"end":{"line":92,"column":3}},"line":73},"7":{"name":"(anonymous_7)","decl":{"start":{"line":89,"column":13},"end":{"line":89,"column":14}},"loc":{"start":{"line":89,"column":19},"end":{"line":91,"column":5}},"line":89},"8":{"name":"(anonymous_8)","decl":{"start":{"line":94,"column":41},"end":{"line":94,"column":42}},"loc":{"start":{"line":94,"column":47},"end":{"line":112,"column":3}},"line":94},"9":{"name":"(anonymous_9)","decl":{"start":{"line":111,"column":15},"end":{"line":111,"column":16}},"loc":{"start":{"line":111,"column":21},"end":{"line":111,"column":35}},"line":111},"10":{"name":"(anonymous_10)","decl":{"start":{"line":114,"column":39},"end":{"line":114,"column":40}},"loc":{"start":{"line":114,"column":45},"end":{"line":133,"column":3}},"line":114},"11":{"name":"(anonymous_11)","decl":{"start":{"line":130,"column":13},"end":{"line":130,"column":14}},"loc":{"start":{"line":130,"column":19},"end":{"line":132,"column":5}},"line":130},"12":{"name":"(anonymous_12)","decl":{"start":{"line":135,"column":41},"end":{"line":135,"column":42}},"loc":{"start":{"line":135,"column":47},"end":{"line":153,"column":3}},"line":135},"13":{"name":"(anonymous_13)","decl":{"start":{"line":152,"column":15},"end":{"line":152,"column":16}},"loc":{"start":{"line":152,"column":21},"end":{"line":152,"column":35}},"line":152},"14":{"name":"(anonymous_14)","decl":{"start":{"line":155,"column":39},"end":{"line":155,"column":40}},"loc":{"start":{"line":155,"column":45},"end":{"line":174,"column":3}},"line":155},"15":{"name":"(anonymous_15)","decl":{"start":{"line":171,"column":13},"end":{"line":171,"column":14}},"loc":{"start":{"line":171,"column":19},"end":{"line":173,"column":5}},"line":171},"16":{"name":"(anonymous_16)","decl":{"start":{"line":176,"column":34},"end":{"line":176,"column":35}},"loc":{"start":{"line":176,"column":40},"end":{"line":184,"column":3}},"line":176},"17":{"name":"(anonymous_17)","decl":{"start":{"line":176,"column":40},"end":{"line":176,"column":41}},"loc":{"start":{"line":176,"column":59},"end":{"line":184,"column":3}},"line":176},"18":{"name":"(anonymous_18)","decl":{"start":{"line":186,"column":34},"end":{"line":186,"column":35}},"loc":{"start":{"line":186,"column":40},"end":{"line":194,"column":3}},"line":186},"19":{"name":"(anonymous_19)","decl":{"start":{"line":186,"column":40},"end":{"line":186,"column":41}},"loc":{"start":{"line":186,"column":59},"end":{"line":194,"column":3}},"line":186},"20":{"name":"(anonymous_20)","decl":{"start":{"line":197,"column":43},"end":{"line":197,"column":44}},"loc":{"start":{"line":197,"column":62},"end":{"line":233,"column":3}},"line":197},"21":{"name":"(anonymous_21)","decl":{"start":{"line":236,"column":43},"end":{"line":236,"column":44}},"loc":{"start":{"line":236,"column":62},"end":{"line":262,"column":3}},"line":236},"22":{"name":"(anonymous_22)","decl":{"start":{"line":265,"column":35},"end":{"line":265,"column":36}},"loc":{"start":{"line":265,"column":41},"end":{"line":280,"column":3}},"line":265},"23":{"name":"(anonymous_23)","decl":{"start":{"line":294,"column":32},"end":{"line":294,"column":33}},"loc":{"start":{"line":294,"column":38},"end":{"line":307,"column":3}},"line":294},"24":{"name":"(anonymous_24)","decl":{"start":{"line":310,"column":35},"end":{"line":310,"column":36}},"loc":{"start":{"line":310,"column":41},"end":{"line":337,"column":3}},"line":310},"25":{"name":"(anonymous_25)","decl":{"start":{"line":340,"column":35},"end":{"line":340,"column":36}},"loc":{"start":{"line":340,"column":41},"end":{"line":370,"column":3}},"line":340},"26":{"name":"(anonymous_26)","decl":{"start":{"line":373,"column":35},"end":{"line":373,"column":36}},"loc":{"start":{"line":373,"column":41},"end":{"line":375,"column":3}},"line":373},"27":{"name":"(anonymous_27)","decl":{"start":{"line":504,"column":47},"end":{"line":504,"column":48}},"loc":{"start":{"line":504,"column":57},"end":{"line":524,"column":21}},"line":504}},"branchMap":{"0":{"loc":{"start":{"line":31,"column":2},"end":{"line":31,"column":18}},"type":"default-arg","locations":[{"start":{"line":31,"column":17},"end":{"line":31,"column":18}}],"line":31},"1":{"loc":{"start":{"line":32,"column":2},"end":{"line":32,"column":19}},"type":"default-arg","locations":[{"start":{"line":32,"column":17},"end":{"line":32,"column":19}}],"line":32},"2":{"loc":{"start":{"line":177,"column":4},"end":{"line":179,"column":5}},"type":"if","locations":[{"start":{"line":177,"column":4},"end":{"line":179,"column":5}},{"start":{},"end":{}}],"line":177},"3":{"loc":{"start":{"line":180,"column":4},"end":{"line":182,"column":5}},"type":"if","locations":[{"start":{"line":180,"column":4},"end":{"line":182,"column":5}},{"start":{},"end":{}}],"line":180},"4":{"loc":{"start":{"line":187,"column":4},"end":{"line":189,"column":5}},"type":"if","locations":[{"start":{"line":187,"column":4},"end":{"line":189,"column":5}},{"start":{},"end":{}}],"line":187},"5":{"loc":{"start":{"line":190,"column":4},"end":{"line":192,"column":5}},"type":"if","locations":[{"start":{"line":190,"column":4},"end":{"line":192,"column":5}},{"start":{},"end":{}}],"line":190},"6":{"loc":{"start":{"line":204,"column":22},"end":{"line":204,"column":41}},"type":"cond-expr","locations":[{"start":{"line":204,"column":33},"end":{"line":204,"column":34}},{"start":{"line":204,"column":37},"end":{"line":204,"column":41}}],"line":204},"7":{"loc":{"start":{"line":216,"column":36},"end":{"line":216,"column":54}},"type":"cond-expr","locations":[{"start":{"line":216,"column":47},"end":{"line":216,"column":48}},{"start":{"line":216,"column":51},"end":{"line":216,"column":54}}],"line":216},"8":{"loc":{"start":{"line":315,"column":4},"end":{"line":327,"column":5}},"type":"if","locations":[{"start":{"line":315,"column":4},"end":{"line":327,"column":5}},{"start":{"line":318,"column":11},"end":{"line":327,"column":5}}],"line":315},"9":{"loc":{"start":{"line":318,"column":11},"end":{"line":327,"column":5}},"type":"if","locations":[{"start":{"line":318,"column":11},"end":{"line":327,"column":5}},{"start":{"line":321,"column":11},"end":{"line":327,"column":5}}],"line":318},"10":{"loc":{"start":{"line":321,"column":11},"end":{"line":327,"column":5}},"type":"if","locations":[{"start":{"line":321,"column":11},"end":{"line":327,"column":5}},{"start":{"line":324,"column":11},"end":{"line":327,"column":5}}],"line":321},"11":{"loc":{"start":{"line":345,"column":4},"end":{"line":360,"column":5}},"type":"if","locations":[{"start":{"line":345,"column":4},"end":{"line":360,"column":5}},{"start":{"line":348,"column":11},"end":{"line":360,"column":5}}],"line":345},"12":{"loc":{"start":{"line":348,"column":11},"end":{"line":360,"column":5}},"type":"if","locations":[{"start":{"line":348,"column":11},"end":{"line":360,"column":5}},{"start":{"line":351,"column":11},"end":{"line":360,"column":5}}],"line":348},"13":{"loc":{"start":{"line":351,"column":11},"end":{"line":360,"column":5}},"type":"if","locations":[{"start":{"line":351,"column":11},"end":{"line":360,"column":5}},{"start":{"line":354,"column":11},"end":{"line":360,"column":5}}],"line":351},"14":{"loc":{"start":{"line":354,"column":11},"end":{"line":360,"column":5}},"type":"if","locations":[{"start":{"line":354,"column":11},"end":{"line":360,"column":5}},{"start":{"line":357,"column":11},"end":{"line":360,"column":5}}],"line":354},"15":{"loc":{"start":{"line":507,"column":38},"end":{"line":507,"column":57}},"type":"cond-expr","locations":[{"start":{"line":507,"column":49},"end":{"line":507,"column":50}},{"start":{"line":507,"column":53},"end":{"line":507,"column":57}}],"line":507},"16":{"loc":{"start":{"line":519,"column":52},"end":{"line":519,"column":70}},"type":"cond-expr","locations":[{"start":{"line":519,"column":63},"end":{"line":519,"column":64}},{"start":{"line":519,"column":67},"end":{"line":519,"column":70}}],"line":519},"17":{"loc":{"start":{"line":537,"column":19},"end":{"line":543,"column":34}},"type":"cond-expr","locations":[{"start":{"line":538,"column":22},"end":{"line":538,"column":33}},{"start":{"line":539,"column":22},"end":{"line":543,"column":34}}],"line":537},"18":{"loc":{"start":{"line":539,"column":22},"end":{"line":543,"column":34}},"type":"cond-expr","locations":[{"start":{"line":540,"column":24},"end":{"line":540,"column":29}},{"start":{"line":541,"column":24},"end":{"line":543,"column":34}}],"line":539},"19":{"loc":{"start":{"line":541,"column":24},"end":{"line":543,"column":34}},"type":"cond-expr","locations":[{"start":{"line":542,"column":26},"end":{"line":542,"column":33}},{"start":{"line":543,"column":26},"end":{"line":543,"column":34}}],"line":541},"20":{"loc":{"start":{"line":610,"column":19},"end":{"line":618,"column":38}},"type":"cond-expr","locations":[{"start":{"line":611,"column":22},"end":{"line":611,"column":31}},{"start":{"line":612,"column":22},"end":{"line":618,"column":38}}],"line":610},"21":{"loc":{"start":{"line":612,"column":22},"end":{"line":618,"column":38}},"type":"cond-expr","locations":[{"start":{"line":613,"column":24},"end":{"line":613,"column":31}},{"start":{"line":614,"column":24},"end":{"line":618,"column":38}}],"line":612},"22":{"loc":{"start":{"line":614,"column":24},"end":{"line":618,"column":38}},"type":"cond-expr","locations":[{"start":{"line":615,"column":26},"end":{"line":615,"column":35}},{"start":{"line":616,"column":26},"end":{"line":618,"column":38}}],"line":614},"23":{"loc":{"start":{"line":616,"column":26},"end":{"line":618,"column":38}},"type":"cond-expr","locations":[{"start":{"line":617,"column":28},"end":{"line":617,"column":36}},{"start":{"line":618,"column":28},"end":{"line":618,"column":38}}],"line":616}},"s":{"0":0,"1":0,"2":0,"3":0,"4":0,"5":0,"6":0,"7":0,"8":0,"9":0,"10":0,"11":0,"12":0,"13":0,"14":0,"15":0,"16":0,"17":0,"18":0,"19":0,"20":0,"21":0,"22":0,"23":0,"24":0,"25":0,"26":0,"27":0,"28":0,"29":0,"30":0,"31":0,"32":0,"33":0,"34":0,"35":0,"36":0,"37":0,"38":0,"39":0,"40":0,"41":0,"42":0,"43":0,"44":0,"45":0,"46":0,"47":0,"48":0,"49":0,"50":0,"51":0,"52":0,"53":0,"54":0,"55":0,"56":0,"57":0,"58":0,"59":0,"60":0,"61":0,"62":0,"63":0,"64":0,"65":0,"66":0,"67":0,"68":0,"69":0,"70":0,"71":0,"72":0,"73":0,"74":0,"75":0,"76":0,"77":0,"78":0,"79":0,"80":0,"81":0,"82":0,"83":0,"84":0,"85":0,"86":0,"87":0,"88":0,"89":0,"90":0,"91":0,"92":0,"93":0,"94":0,"95":0,"96":0,"97":0,"98":0,"99":0,"100":0,"101":0,"102":0,"103":0,"104":0,"105":0,"106":0,"107":0,"108":0,"109":0,"110":0,"111":0,"112":0,"113":0,"114":0,"115":0,"116":0,"117":0,"118":0,"119":0,"120":0,"121":0,"122":0,"123":0,"124":0,"125":0},"f":{"0":0,"1":0,"2":0,"3":0,"4":0,"5":0,"6":0,"7":0,"8":0,"9":0,"10":0,"11":0,"12":0,"13":0,"14":0,"15":0,"16":0,"17":0,"18":0,"19":0,"20":0,"21":0,"22":0,"23":0,"24":0,"25":0,"26":0,"27":0},"b":{"0":[0],"1":[0],"2":[0,0],"3":[0,0],"4":[0,0],"5":[0,0],"6":[0,0],"7":[0,0],"8":[0,0],"9":[0,0],"10":[0,0],"11":[0,0],"12":[0,0],"13":[0,0],"14":[0,0],"15":[0,0],"16":[0,0],"17":[0,0],"18":[0,0],"19":[0,0],"20":[0,0],"21":[0,0],"22":[0,0],"23":[0,0]}}
,"/Users/lajmi/Documents/cursor/SeniorPhonePro/components/VirtualKeyboard.tsx": {"path":"/Users/lajmi/Documents/cursor/SeniorPhonePro/components/VirtualKeyboard.tsx","statementMap":{"0":{"start":{"line":12,"column":26},"end":{"line":12,"column":50}},"1":{"start":{"line":16,"column":63},"end":{"line":296,"column":1}},"2":{"start":{"line":23,"column":40},"end":{"line":23,"column":55}},"3":{"start":{"line":26,"column":21},"end":{"line":32,"column":3}},"4":{"start":{"line":35,"column":21},"end":{"line":41,"column":3}},"5":{"start":{"line":43,"column":23},"end":{"line":43,"column":60}},"6":{"start":{"line":46,"column":23},"end":{"line":46,"column":36}},"7":{"start":{"line":47,"column":18},"end":{"line":47,"column":64}},"8":{"start":{"line":48,"column":21},"end":{"line":48,"column":34}},"9":{"start":{"line":49,"column":26},"end":{"line":49,"column":38}},"10":{"start":{"line":51,"column":25},"end":{"line":54,"column":3}},"11":{"start":{"line":52,"column":4},"end":{"line":52,"column":26}},"12":{"start":{"line":53,"column":4},"end":{"line":53,"column":20}},"13":{"start":{"line":56,"column":26},"end":{"line":59,"column":3}},"14":{"start":{"line":57,"column":4},"end":{"line":57,"column":27}},"15":{"start":{"line":58,"column":4},"end":{"line":58,"column":18}},"16":{"start":{"line":61,"column":25},"end":{"line":64,"column":3}},"17":{"start":{"line":62,"column":4},"end":{"line":62,"column":27}},"18":{"start":{"line":63,"column":4},"end":{"line":63,"column":17}},"19":{"start":{"line":66,"column":22},"end":{"line":69,"column":3}},"20":{"start":{"line":67,"column":4},"end":{"line":67,"column":27}},"21":{"start":{"line":68,"column":4},"end":{"line":68,"column":14}},"22":{"start":{"line":71,"column":2},"end":{"line":295,"column":4}},"23":{"start":{"line":132,"column":27},"end":{"line":132,"column":48}},"24":{"start":{"line":157,"column":27},"end":{"line":157,"column":47}},"25":{"start":{"line":176,"column":10},"end":{"line":208,"column":17}},"26":{"start":{"line":181,"column":14},"end":{"line":206,"column":33}},"27":{"start":{"line":195,"column":31},"end":{"line":195,"column":50}},"28":{"start":{"line":227,"column":27},"end":{"line":227,"column":46}},"29":{"start":{"line":298,"column":15},"end":{"line":475,"column":2}}},"fnMap":{"0":{"name":"(anonymous_0)","decl":{"start":{"line":16,"column":63},"end":{"line":16,"column":64}},"loc":{"start":{"line":22,"column":6},"end":{"line":296,"column":1}},"line":22},"1":{"name":"(anonymous_1)","decl":{"start":{"line":51,"column":25},"end":{"line":51,"column":26}},"loc":{"start":{"line":51,"column":42},"end":{"line":54,"column":3}},"line":51},"2":{"name":"(anonymous_2)","decl":{"start":{"line":56,"column":26},"end":{"line":56,"column":27}},"loc":{"start":{"line":56,"column":32},"end":{"line":59,"column":3}},"line":56},"3":{"name":"(anonymous_3)","decl":{"start":{"line":61,"column":25},"end":{"line":61,"column":26}},"loc":{"start":{"line":61,"column":31},"end":{"line":64,"column":3}},"line":61},"4":{"name":"(anonymous_4)","decl":{"start":{"line":66,"column":22},"end":{"line":66,"column":23}},"loc":{"start":{"line":66,"column":28},"end":{"line":69,"column":3}},"line":66},"5":{"name":"(anonymous_5)","decl":{"start":{"line":132,"column":21},"end":{"line":132,"column":22}},"loc":{"start":{"line":132,"column":27},"end":{"line":132,"column":48}},"line":132},"6":{"name":"(anonymous_6)","decl":{"start":{"line":157,"column":21},"end":{"line":157,"column":22}},"loc":{"start":{"line":157,"column":27},"end":{"line":157,"column":47}},"line":157},"7":{"name":"(anonymous_7)","decl":{"start":{"line":175,"column":26},"end":{"line":175,"column":27}},"loc":{"start":{"line":176,"column":10},"end":{"line":208,"column":17}},"line":176},"8":{"name":"(anonymous_8)","decl":{"start":{"line":180,"column":21},"end":{"line":180,"column":22}},"loc":{"start":{"line":181,"column":14},"end":{"line":206,"column":33}},"line":181},"9":{"name":"(anonymous_9)","decl":{"start":{"line":195,"column":25},"end":{"line":195,"column":26}},"loc":{"start":{"line":195,"column":31},"end":{"line":195,"column":50}},"line":195},"10":{"name":"(anonymous_10)","decl":{"start":{"line":227,"column":21},"end":{"line":227,"column":22}},"loc":{"start":{"line":227,"column":27},"end":{"line":227,"column":46}},"line":227}},"branchMap":{"0":{"loc":{"start":{"line":43,"column":23},"end":{"line":43,"column":60}},"type":"cond-expr","locations":[{"start":{"line":43,"column":37},"end":{"line":43,"column":47}},{"start":{"line":43,"column":50},"end":{"line":43,"column":60}}],"line":43},"1":{"loc":{"start":{"line":107,"column":13},"end":{"line":107,"column":41}},"type":"binary-expr","locations":[{"start":{"line":107,"column":13},"end":{"line":107,"column":24}},{"start":{"line":107,"column":28},"end":{"line":107,"column":41}}],"line":107},"2":{"loc":{"start":{"line":124,"column":14},"end":{"line":124,"column":55}},"type":"binary-expr","locations":[{"start":{"line":124,"column":14},"end":{"line":124,"column":26}},{"start":{"line":124,"column":30},"end":{"line":124,"column":55}}],"line":124},"3":{"loc":{"start":{"line":138,"column":16},"end":{"line":138,"column":61}},"type":"binary-expr","locations":[{"start":{"line":138,"column":16},"end":{"line":138,"column":28}},{"start":{"line":138,"column":32},"end":{"line":138,"column":61}}],"line":138},"4":{"loc":{"start":{"line":149,"column":14},"end":{"line":149,"column":54}},"type":"binary-expr","locations":[{"start":{"line":149,"column":14},"end":{"line":149,"column":25}},{"start":{"line":149,"column":29},"end":{"line":149,"column":54}}],"line":149},"5":{"loc":{"start":{"line":163,"column":16},"end":{"line":163,"column":60}},"type":"binary-expr","locations":[{"start":{"line":163,"column":16},"end":{"line":163,"column":27}},{"start":{"line":163,"column":31},"end":{"line":163,"column":60}}],"line":163}},"s":{"0":0,"1":0,"2":0,"3":0,"4":0,"5":0,"6":0,"7":0,"8":0,"9":0,"10":0,"11":0,"12":0,"13":0,"14":0,"15":0,"16":0,"17":0,"18":0,"19":0,"20":0,"21":0,"22":0,"23":0,"24":0,"25":0,"26":0,"27":0,"28":0,"29":0},"f":{"0":0,"1":0,"2":0,"3":0,"4":0,"5":0,"6":0,"7":0,"8":0,"9":0,"10":0},"b":{"0":[0,0],"1":[0,0],"2":[0,0],"3":[0,0],"4":[0,0],"5":[0,0]}}
}
