TN:
SF:App.tsx
FN:25,(anonymous_0)
FN:25,(anonymous_1)
FN:26,(anonymous_2)
FN:26,(anonymous_3)
FN:27,(anonymous_4)
FN:27,(anonymous_5)
FN:31,App
FN:45,(anonymous_7)
FN:48,(anonymous_8)
FN:55,(anonymous_9)
FN:79,(anonymous_10)
FN:84,(anonymous_11)
FN:106,(anonymous_12)
FN:112,(anonymous_13)
FN:116,(anonymous_14)
FN:120,(anonymous_15)
FN:124,(anonymous_16)
FN:129,(anonymous_17)
FN:154,(anonymous_18)
FN:183,(anonymous_19)
FN:192,(anonymous_20)
FN:193,(anonymous_21)
FN:209,(anonymous_22)
FN:210,(anonymous_23)
FN:211,(anonymous_24)
FN:217,(anonymous_25)
FN:227,(anonymous_26)
FN:248,(anonymous_27)
FN:411,(anonymous_28)
FN:412,(anonymous_29)
FNF:30
FNH:0
FNDA:0,(anonymous_0)
FNDA:0,(anonymous_1)
FNDA:0,(anonymous_2)
FNDA:0,(anonymous_3)
FNDA:0,(anonymous_4)
FNDA:0,(anonymous_5)
FNDA:0,App
FNDA:0,(anonymous_7)
FNDA:0,(anonymous_8)
FNDA:0,(anonymous_9)
FNDA:0,(anonymous_10)
FNDA:0,(anonymous_11)
FNDA:0,(anonymous_12)
FNDA:0,(anonymous_13)
FNDA:0,(anonymous_14)
FNDA:0,(anonymous_15)
FNDA:0,(anonymous_16)
FNDA:0,(anonymous_17)
FNDA:0,(anonymous_18)
FNDA:0,(anonymous_19)
FNDA:0,(anonymous_20)
FNDA:0,(anonymous_21)
FNDA:0,(anonymous_22)
FNDA:0,(anonymous_23)
FNDA:0,(anonymous_24)
FNDA:0,(anonymous_25)
FNDA:0,(anonymous_26)
FNDA:0,(anonymous_27)
FNDA:0,(anonymous_28)
FNDA:0,(anonymous_29)
DA:25,0
DA:26,0
DA:27,0
DA:29,0
DA:32,0
DA:33,0
DA:34,0
DA:35,0
DA:36,0
DA:42,0
DA:43,0
DA:45,0
DA:46,0
DA:48,0
DA:50,0
DA:55,0
DA:56,0
DA:57,0
DA:60,0
DA:74,0
DA:79,0
DA:80,0
DA:81,0
DA:84,0
DA:86,0
DA:100,0
DA:103,0
DA:106,0
DA:107,0
DA:108,0
DA:109,0
DA:112,0
DA:113,0
DA:116,0
DA:117,0
DA:120,0
DA:121,0
DA:124,0
DA:125,0
DA:129,0
DA:130,0
DA:132,0
DA:146,0
DA:149,0
DA:154,0
DA:155,0
DA:156,0
DA:157,0
DA:158,0
DA:160,0
DA:163,0
DA:164,0
DA:165,0
DA:167,0
DA:168,0
DA:169,0
DA:171,0
DA:172,0
DA:179,0
DA:183,0
DA:184,0
DA:185,0
DA:192,0
DA:193,0
DA:194,0
DA:195,0
DA:196,0
DA:198,0
DA:206,0
DA:209,0
DA:210,0
DA:211,0
DA:212,0
DA:213,0
DA:217,0
DA:218,0
DA:219,0
DA:220,0
DA:222,0
DA:227,0
DA:228,0
DA:229,0
DA:233,0
DA:248,0
DA:411,0
DA:412,0
DA:420,0
LF:87
LH:0
BRDA:46,0,0,0
BRDA:46,0,1,0
BRDA:56,1,0,0
BRDA:56,1,1,0
BRDA:130,2,0,0
BRDA:130,2,1,0
BRDA:212,3,0,0
BRDA:212,3,1,0
BRDA:242,4,0,0
BRDA:242,4,1,0
BRDA:255,5,0,0
BRDA:255,5,1,0
BRDA:299,6,0,0
BRDA:299,6,1,0
BRDA:316,7,0,0
BRDA:316,7,1,0
BRDA:396,8,0,0
BRDA:396,8,1,0
BRDA:407,9,0,0
BRDA:407,9,1,0
BRDA:424,10,0,0
BRDA:424,10,1,0
BRF:22
BRH:0
end_of_record
TN:
SF:components/CallScreen.tsx
FN:24,(anonymous_0)
FN:30,(anonymous_1)
FN:36,(anonymous_2)
FNF:3
FNH:0
FNDA:0,(anonymous_0)
FNDA:0,(anonymous_1)
FNDA:0,(anonymous_2)
DA:13,0
DA:24,0
DA:30,0
DA:31,0
DA:32,0
DA:37,0
DA:38,0
DA:44,0
DA:118,0
LF:9
LH:0
BRDA:61,0,0,0
BRDA:61,0,1,0
BRF:2
BRH:0
end_of_record
TN:
SF:components/ContactList.tsx
FN:21,(anonymous_0)
FN:31,(anonymous_1)
FN:35,(anonymous_2)
FN:70,(anonymous_3)
FN:90,(anonymous_4)
FN:99,(anonymous_5)
FN:106,(anonymous_6)
FN:112,(anonymous_7)
FN:126,(anonymous_8)
FN:132,(anonymous_9)
FN:138,(anonymous_10)
FN:146,(anonymous_11)
FN:155,(anonymous_12)
FN:160,(anonymous_13)
FN:163,(anonymous_14)
FN:193,(anonymous_15)
FN:294,(anonymous_16)
FN:297,(anonymous_17)
FN:303,(anonymous_18)
FNF:19
FNH:0
FNDA:0,(anonymous_0)
FNDA:0,(anonymous_1)
FNDA:0,(anonymous_2)
FNDA:0,(anonymous_3)
FNDA:0,(anonymous_4)
FNDA:0,(anonymous_5)
FNDA:0,(anonymous_6)
FNDA:0,(anonymous_7)
FNDA:0,(anonymous_8)
FNDA:0,(anonymous_9)
FNDA:0,(anonymous_10)
FNDA:0,(anonymous_11)
FNDA:0,(anonymous_12)
FNDA:0,(anonymous_13)
FNDA:0,(anonymous_14)
FNDA:0,(anonymous_15)
FNDA:0,(anonymous_16)
FNDA:0,(anonymous_17)
FNDA:0,(anonymous_18)
DA:19,0
DA:21,0
DA:25,0
DA:26,0
DA:27,0
DA:28,0
DA:29,0
DA:31,0
DA:32,0
DA:35,0
DA:36,0
DA:37,0
DA:38,0
DA:49,0
DA:50,0
DA:51,0
DA:52,0
DA:56,0
DA:57,0
DA:58,0
DA:59,0
DA:60,0
DA:63,0
DA:65,0
DA:66,0
DA:70,0
DA:71,0
DA:72,0
DA:75,0
DA:87,0
DA:89,0
DA:92,0
DA:99,0
DA:106,0
DA:108,0
DA:111,0
DA:112,0
DA:114,0
DA:116,0
DA:119,0
DA:120,0
DA:122,0
DA:126,0
DA:127,0
DA:128,0
DA:129,0
DA:132,0
DA:133,0
DA:134,0
DA:140,0
DA:146,0
DA:147,0
DA:149,0
DA:151,0
DA:152,0
DA:155,0
DA:156,0
DA:157,0
DA:160,0
DA:161,0
DA:163,0
DA:193,0
DA:202,0
DA:203,0
DA:213,0
DA:214,0
DA:242,0
DA:243,0
DA:259,0
DA:294,0
DA:297,0
DA:303,0
DA:321,0
LF:73
LH:0
BRDA:37,0,0,0
BRDA:37,0,1,0
BRDA:49,1,0,0
BRDA:49,1,1,0
BRDA:57,2,0,0
BRDA:57,2,1,0
BRDA:87,3,0,0
BRDA:87,3,1,0
BRDA:93,4,0,0
BRDA:93,4,1,0
BRDA:93,4,2,0
BRDA:93,4,3,0
BRDA:100,5,0,0
BRDA:100,5,1,0
BRDA:101,6,0,0
BRDA:101,6,1,0
BRDA:102,7,0,0
BRDA:102,7,1,0
BRDA:168,8,0,0
BRDA:168,8,1,0
BRDA:177,9,0,0
BRDA:177,9,1,0
BRDA:202,10,0,0
BRDA:202,10,1,0
BRDA:202,11,0,0
BRDA:202,11,1,0
BRDA:213,12,0,0
BRDA:213,12,1,0
BRDA:242,13,0,0
BRDA:242,13,1,0
BRDA:276,14,0,0
BRDA:276,14,1,0
BRDA:277,15,0,0
BRDA:277,15,1,0
BRDA:310,16,0,0
BRDA:310,16,1,0
BRF:36
BRH:0
end_of_record
TN:
SF:components/CreateContactScreen.tsx
FN:24,(anonymous_0)
FN:39,(anonymous_1)
FN:91,(anonymous_2)
FN:100,(anonymous_3)
FN:102,(anonymous_4)
FN:104,(anonymous_5)
FN:106,(anonymous_6)
FN:110,(anonymous_7)
FN:112,(anonymous_8)
FN:114,(anonymous_9)
FN:116,(anonymous_10)
FN:120,(anonymous_11)
FN:125,(anonymous_12)
FN:130,(anonymous_13)
FN:135,(anonymous_14)
FN:187,(anonymous_15)
FN:206,(anonymous_16)
FN:225,(anonymous_17)
FNF:18
FNH:0
FNDA:0,(anonymous_0)
FNDA:0,(anonymous_1)
FNDA:0,(anonymous_2)
FNDA:0,(anonymous_3)
FNDA:0,(anonymous_4)
FNDA:0,(anonymous_5)
FNDA:0,(anonymous_6)
FNDA:0,(anonymous_7)
FNDA:0,(anonymous_8)
FNDA:0,(anonymous_9)
FNDA:0,(anonymous_10)
FNDA:0,(anonymous_11)
FNDA:0,(anonymous_12)
FNDA:0,(anonymous_13)
FNDA:0,(anonymous_14)
FNDA:0,(anonymous_15)
FNDA:0,(anonymous_16)
FNDA:0,(anonymous_17)
DA:16,0
DA:24,0
DA:29,0
DA:30,0
DA:31,0
DA:32,0
DA:33,0
DA:34,0
DA:35,0
DA:39,0
DA:40,0
DA:41,0
DA:42,0
DA:43,0
DA:46,0
DA:47,0
DA:48,0
DA:49,0
DA:52,0
DA:53,0
DA:54,0
DA:57,0
DA:71,0
DA:73,0
DA:74,0
DA:81,0
DA:82,0
DA:87,0
DA:91,0
DA:92,0
DA:93,0
DA:100,0
DA:101,0
DA:102,0
DA:103,0
DA:104,0
DA:105,0
DA:106,0
DA:110,0
DA:111,0
DA:112,0
DA:113,0
DA:114,0
DA:115,0
DA:116,0
DA:120,0
DA:121,0
DA:122,0
DA:125,0
DA:126,0
DA:127,0
DA:130,0
DA:131,0
DA:132,0
DA:135,0
DA:136,0
DA:137,0
DA:140,0
DA:187,0
DA:206,0
DA:225,0
DA:309,0
LF:62
LH:0
BRDA:40,0,0,0
BRDA:40,0,1,0
BRDA:40,1,0,0
BRDA:40,1,1,0
BRDA:46,2,0,0
BRDA:46,2,1,0
BRDA:68,3,0,0
BRDA:68,3,1,0
BRDA:101,4,0,0
BRDA:101,4,1,0
BRDA:103,5,0,0
BRDA:103,5,1,0
BRDA:105,6,0,0
BRDA:105,6,1,0
BRDA:111,7,0,0
BRDA:111,7,1,0
BRDA:113,8,0,0
BRDA:113,8,1,0
BRDA:115,9,0,0
BRDA:115,9,1,0
BRDA:143,10,0,0
BRDA:143,10,1,0
BRDA:145,11,0,0
BRDA:145,11,1,0
BRDA:152,12,0,0
BRDA:152,12,1,0
BRDA:154,13,0,0
BRDA:154,13,1,0
BRDA:156,14,0,0
BRDA:156,14,1,0
BRDA:193,15,0,0
BRDA:193,15,1,0
BRDA:196,16,0,0
BRDA:196,16,1,0
BRDA:212,17,0,0
BRDA:212,17,1,0
BRDA:215,18,0,0
BRDA:215,18,1,0
BRDA:231,19,0,0
BRDA:231,19,1,0
BRDA:234,20,0,0
BRDA:234,20,1,0
BRDA:248,21,0,0
BRDA:248,21,1,0
BRDA:275,22,0,0
BRDA:275,22,1,0
BRDA:275,23,0,0
BRDA:275,23,1,0
BRDA:275,23,2,0
BRDA:282,24,0,0
BRDA:282,24,1,0
BRDA:282,24,2,0
BRDA:282,24,3,0
BRDA:290,25,0,0
BRDA:290,25,1,0
BRDA:290,26,0,0
BRDA:290,26,1,0
BRDA:290,26,2,0
BRDA:290,26,3,0
BRDA:298,27,0,0
BRDA:298,27,1,0
BRF:61
BRH:0
end_of_record
TN:
SF:components/DialPad.tsx
FN:18,(anonymous_0)
FN:24,(anonymous_1)
FN:26,(anonymous_2)
FN:34,(anonymous_3)
FN:55,(anonymous_4)
FN:71,(anonymous_5)
FN:87,(anonymous_6)
FN:94,(anonymous_7)
FN:96,(anonymous_8)
FN:100,(anonymous_9)
FNF:10
FNH:0
FNDA:0,(anonymous_0)
FNDA:0,(anonymous_1)
FNDA:0,(anonymous_2)
FNDA:0,(anonymous_3)
FNDA:0,(anonymous_4)
FNDA:0,(anonymous_5)
FNDA:0,(anonymous_6)
FNDA:0,(anonymous_7)
FNDA:0,(anonymous_8)
FNDA:0,(anonymous_9)
DA:12,0
DA:18,0
DA:19,0
DA:24,0
DA:25,0
DA:26,0
DA:27,0
DA:28,0
DA:34,0
DA:35,0
DA:37,0
DA:47,0
DA:48,0
DA:50,0
DA:55,0
DA:56,0
DA:57,0
DA:58,0
DA:59,0
DA:61,0
DA:64,0
DA:71,0
DA:73,0
DA:76,0
DA:79,0
DA:87,0
DA:88,0
DA:89,0
DA:92,0
DA:95,0
DA:97,0
DA:100,0
DA:122,0
LF:33
LH:0
BRDA:27,0,0,0
BRDA:27,0,1,0
BRDA:57,1,0,0
BRDA:57,1,1,0
BRF:4
BRH:0
end_of_record
TN:
SF:components/LoadingSpinner.tsx
FN:8,(anonymous_0)
FNF:1
FNH:0
FNDA:0,(anonymous_0)
DA:8,0
DA:11,0
DA:19,0
LF:3
LH:0
BRDA:9,0,0,0
BRF:1
BRH:0
end_of_record
TN:
SF:components/NavigationScreen.tsx
FN:17,(anonymous_0)
FNF:1
FNH:0
FNDA:0,(anonymous_0)
DA:17,0
DA:22,0
DA:80,0
LF:3
LH:0
BRF:0
BRH:0
end_of_record
TN:
SF:components/PhoneDisplay.tsx
FN:18,(anonymous_0)
FN:39,(anonymous_1)
FN:50,(anonymous_2)
FN:68,(anonymous_3)
FN:73,(anonymous_4)
FN:89,(anonymous_5)
FN:97,(anonymous_6)
FN:113,(anonymous_7)
FN:119,(anonymous_8)
FN:128,(anonymous_9)
FN:134,(anonymous_10)
FNF:11
FNH:0
FNDA:0,(anonymous_0)
FNDA:0,(anonymous_1)
FNDA:0,(anonymous_2)
FNDA:0,(anonymous_3)
FNDA:0,(anonymous_4)
FNDA:0,(anonymous_5)
FNDA:0,(anonymous_6)
FNDA:0,(anonymous_7)
FNDA:0,(anonymous_8)
FNDA:0,(anonymous_9)
FNDA:0,(anonymous_10)
DA:14,0
DA:18,0
DA:23,0
DA:24,0
DA:25,0
DA:26,0
DA:27,0
DA:28,0
DA:31,0
DA:39,0
DA:40,0
DA:41,0
DA:45,0
DA:46,0
DA:50,0
DA:51,0
DA:52,0
DA:54,0
DA:68,0
DA:73,0
DA:75,0
DA:78,0
DA:90,0
DA:97,0
DA:99,0
DA:102,0
DA:114,0
DA:119,0
DA:121,0
DA:122,0
DA:124,0
DA:128,0
DA:129,0
DA:130,0
DA:134,0
DA:135,0
DA:136,0
DA:137,0
DA:139,0
DA:140,0
DA:141,0
DA:142,0
DA:144,0
DA:145,0
DA:147,0
DA:153,0
DA:320,0
LF:47
LH:0
BRDA:40,0,0,0
BRDA:40,0,1,0
BRDA:51,1,0,0
BRDA:51,1,1,0
BRDA:177,2,0,0
BRDA:177,2,1,0
BRDA:180,3,0,0
BRDA:180,3,1,0
BRDA:221,4,0,0
BRDA:221,4,1,0
BRDA:222,5,0,0
BRDA:222,5,1,0
BRF:12
BRH:0
end_of_record
TN:
SF:components/SystemInfo.tsx
FN:30,(anonymous_0)
FN:45,(anonymous_1)
FN:46,(anonymous_2)
FN:50,(anonymous_3)
FN:53,(anonymous_4)
FN:70,(anonymous_5)
FN:73,(anonymous_6)
FN:89,(anonymous_7)
FN:94,(anonymous_8)
FN:111,(anonymous_9)
FN:114,(anonymous_10)
FN:130,(anonymous_11)
FN:135,(anonymous_12)
FN:152,(anonymous_13)
FN:155,(anonymous_14)
FN:171,(anonymous_15)
FN:176,(anonymous_16)
FN:176,(anonymous_17)
FN:186,(anonymous_18)
FN:186,(anonymous_19)
FN:197,(anonymous_20)
FN:236,(anonymous_21)
FN:265,(anonymous_22)
FN:294,(anonymous_23)
FN:310,(anonymous_24)
FN:340,(anonymous_25)
FN:373,(anonymous_26)
FN:504,(anonymous_27)
FNF:28
FNH:0
FNDA:0,(anonymous_0)
FNDA:0,(anonymous_1)
FNDA:0,(anonymous_2)
FNDA:0,(anonymous_3)
FNDA:0,(anonymous_4)
FNDA:0,(anonymous_5)
FNDA:0,(anonymous_6)
FNDA:0,(anonymous_7)
FNDA:0,(anonymous_8)
FNDA:0,(anonymous_9)
FNDA:0,(anonymous_10)
FNDA:0,(anonymous_11)
FNDA:0,(anonymous_12)
FNDA:0,(anonymous_13)
FNDA:0,(anonymous_14)
FNDA:0,(anonymous_15)
FNDA:0,(anonymous_16)
FNDA:0,(anonymous_17)
FNDA:0,(anonymous_18)
FNDA:0,(anonymous_19)
FNDA:0,(anonymous_20)
FNDA:0,(anonymous_21)
FNDA:0,(anonymous_22)
FNDA:0,(anonymous_23)
FNDA:0,(anonymous_24)
FNDA:0,(anonymous_25)
FNDA:0,(anonymous_26)
FNDA:0,(anonymous_27)
DA:21,0
DA:30,0
DA:34,0
DA:35,0
DA:36,0
DA:37,0
DA:38,0
DA:39,0
DA:40,0
DA:41,0
DA:42,0
DA:43,0
DA:45,0
DA:46,0
DA:47,0
DA:50,0
DA:53,0
DA:54,0
DA:56,0
DA:70,0
DA:73,0
DA:75,0
DA:78,0
DA:90,0
DA:94,0
DA:95,0
DA:97,0
DA:111,0
DA:114,0
DA:116,0
DA:119,0
DA:131,0
DA:135,0
DA:136,0
DA:138,0
DA:152,0
DA:155,0
DA:157,0
DA:160,0
DA:172,0
DA:176,0
DA:177,0
DA:178,0
DA:180,0
DA:181,0
DA:183,0
DA:186,0
DA:187,0
DA:188,0
DA:190,0
DA:191,0
DA:193,0
DA:197,0
DA:198,0
DA:199,0
DA:201,0
DA:202,0
DA:203,0
DA:204,0
DA:205,0
DA:207,0
DA:223,0
DA:236,0
DA:237,0
DA:239,0
DA:265,0
DA:266,0
DA:285,0
DA:294,0
DA:295,0
DA:299,0
DA:302,0
DA:303,0
DA:310,0
DA:312,0
DA:313,0
DA:315,0
DA:316,0
DA:317,0
DA:318,0
DA:319,0
DA:320,0
DA:321,0
DA:322,0
DA:323,0
DA:325,0
DA:326,0
DA:329,0
DA:332,0
DA:333,0
DA:340,0
DA:342,0
DA:343,0
DA:345,0
DA:346,0
DA:347,0
DA:348,0
DA:349,0
DA:350,0
DA:351,0
DA:352,0
DA:353,0
DA:354,0
DA:355,0
DA:356,0
DA:358,0
DA:359,0
DA:362,0
DA:365,0
DA:366,0
DA:373,0
DA:374,0
DA:377,0
DA:505,0
DA:506,0
DA:507,0
DA:508,0
DA:510,0
DA:676,0
LF:119
LH:0
BRDA:31,0,0,0
BRDA:32,1,0,0
BRDA:177,2,0,0
BRDA:177,2,1,0
BRDA:180,3,0,0
BRDA:180,3,1,0
BRDA:187,4,0,0
BRDA:187,4,1,0
BRDA:190,5,0,0
BRDA:190,5,1,0
BRDA:204,6,0,0
BRDA:204,6,1,0
BRDA:216,7,0,0
BRDA:216,7,1,0
BRDA:315,8,0,0
BRDA:315,8,1,0
BRDA:318,9,0,0
BRDA:318,9,1,0
BRDA:321,10,0,0
BRDA:321,10,1,0
BRDA:345,11,0,0
BRDA:345,11,1,0
BRDA:348,12,0,0
BRDA:348,12,1,0
BRDA:351,13,0,0
BRDA:351,13,1,0
BRDA:354,14,0,0
BRDA:354,14,1,0
BRDA:507,15,0,0
BRDA:507,15,1,0
BRDA:519,16,0,0
BRDA:519,16,1,0
BRDA:537,17,0,0
BRDA:537,17,1,0
BRDA:539,18,0,0
BRDA:539,18,1,0
BRDA:541,19,0,0
BRDA:541,19,1,0
BRDA:610,20,0,0
BRDA:610,20,1,0
BRDA:612,21,0,0
BRDA:612,21,1,0
BRDA:614,22,0,0
BRDA:614,22,1,0
BRDA:616,23,0,0
BRDA:616,23,1,0
BRF:46
BRH:0
end_of_record
TN:
SF:components/VirtualKeyboard.tsx
FN:16,(anonymous_0)
FN:51,(anonymous_1)
FN:56,(anonymous_2)
FN:61,(anonymous_3)
FN:66,(anonymous_4)
FN:132,(anonymous_5)
FN:157,(anonymous_6)
FN:175,(anonymous_7)
FN:180,(anonymous_8)
FN:195,(anonymous_9)
FN:227,(anonymous_10)
FNF:11
FNH:0
FNDA:0,(anonymous_0)
FNDA:0,(anonymous_1)
FNDA:0,(anonymous_2)
FNDA:0,(anonymous_3)
FNDA:0,(anonymous_4)
FNDA:0,(anonymous_5)
FNDA:0,(anonymous_6)
FNDA:0,(anonymous_7)
FNDA:0,(anonymous_8)
FNDA:0,(anonymous_9)
FNDA:0,(anonymous_10)
DA:12,0
DA:16,0
DA:23,0
DA:26,0
DA:35,0
DA:43,0
DA:46,0
DA:47,0
DA:48,0
DA:49,0
DA:51,0
DA:52,0
DA:53,0
DA:56,0
DA:57,0
DA:58,0
DA:61,0
DA:62,0
DA:63,0
DA:66,0
DA:67,0
DA:68,0
DA:71,0
DA:132,0
DA:157,0
DA:176,0
DA:181,0
DA:195,0
DA:227,0
DA:298,0
LF:30
LH:0
BRDA:43,0,0,0
BRDA:43,0,1,0
BRDA:107,1,0,0
BRDA:107,1,1,0
BRDA:124,2,0,0
BRDA:124,2,1,0
BRDA:138,3,0,0
BRDA:138,3,1,0
BRDA:149,4,0,0
BRDA:149,4,1,0
BRDA:163,5,0,0
BRDA:163,5,1,0
BRF:12
BRH:0
end_of_record
